
*** Running vivado
    with args -log design_1_xbar_0.vds -m64 -product Vivado -mode batch -messageDb vivado.pb -notrace -source design_1_xbar_0.tcl


****** Vivado v2016.4 (64-bit)
  **** SW Build 1756540 on Mon Jan 23 19:11:23 MST 2017
  **** IP Build 1755317 on Mon Jan 23 20:30:07 MST 2017
    ** Copyright 1986-2016 Xilinx, Inc. All Rights Reserved.

source design_1_xbar_0.tcl -notrace
Starting RTL Elaboration : Time (s): cpu = 00:00:18 ; elapsed = 00:01:14 . Memory (MB): peak = 358.629 ; gain = 148.488
INFO: [Synth 8-638] synthesizing module 'design_1_xbar_0' [c:/Users/Berk/Desktop/FPGA/UMRAM/Ethernet/Ethernet.srcs/sources_1/bd/design_1/ip/design_1_xbar_0/synth/design_1_xbar_0.v:59]
INFO: [Synth 8-638] synthesizing module 'axi_crossbar_v2_1_12_axi_crossbar' [c:/Users/Berk/Desktop/FPGA/UMRAM/Ethernet/Ethernet.srcs/sources_1/bd/design_1/ipshared/896d/hdl/axi_crossbar_v2_1_vl_rfs.v:4882]
INFO: [Synth 8-638] synthesizing module 'axi_crossbar_v2_1_12_crossbar' [c:/Users/Berk/Desktop/FPGA/UMRAM/Ethernet/Ethernet.srcs/sources_1/bd/design_1/ipshared/896d/hdl/axi_crossbar_v2_1_vl_rfs.v:2239]
INFO: [Synth 8-638] synthesizing module 'axi_crossbar_v2_1_12_si_transactor' [c:/Users/Berk/Desktop/FPGA/UMRAM/Ethernet/Ethernet.srcs/sources_1/bd/design_1/ipshared/896d/hdl/axi_crossbar_v2_1_vl_rfs.v:3798]
INFO: [Synth 8-638] synthesizing module 'axi_crossbar_v2_1_12_addr_decoder' [c:/Users/Berk/Desktop/FPGA/UMRAM/Ethernet/Ethernet.srcs/sources_1/bd/design_1/ipshared/896d/hdl/axi_crossbar_v2_1_vl_rfs.v:794]
INFO: [Synth 8-638] synthesizing module 'generic_baseblocks_v2_1_0_comparator_static' [c:/Users/Berk/Desktop/FPGA/UMRAM/Ethernet/Ethernet.srcs/sources_1/bd/design_1/ipshared/7ee0/hdl/generic_baseblocks_v2_1_vl_rfs.v:2133]
INFO: [Synth 8-638] synthesizing module 'generic_baseblocks_v2_1_0_carry_and' [c:/Users/Berk/Desktop/FPGA/UMRAM/Ethernet/Ethernet.srcs/sources_1/bd/design_1/ipshared/7ee0/hdl/generic_baseblocks_v2_1_vl_rfs.v:62]
INFO: [Synth 8-256] done synthesizing module 'generic_baseblocks_v2_1_0_carry_and' (1#1) [c:/Users/Berk/Desktop/FPGA/UMRAM/Ethernet/Ethernet.srcs/sources_1/bd/design_1/ipshared/7ee0/hdl/generic_baseblocks_v2_1_vl_rfs.v:62]
INFO: [Synth 8-256] done synthesizing module 'generic_baseblocks_v2_1_0_comparator_static' (2#1) [c:/Users/Berk/Desktop/FPGA/UMRAM/Ethernet/Ethernet.srcs/sources_1/bd/design_1/ipshared/7ee0/hdl/generic_baseblocks_v2_1_vl_rfs.v:2133]
INFO: [Synth 8-256] done synthesizing module 'axi_crossbar_v2_1_12_addr_decoder' (3#1) [c:/Users/Berk/Desktop/FPGA/UMRAM/Ethernet/Ethernet.srcs/sources_1/bd/design_1/ipshared/896d/hdl/axi_crossbar_v2_1_vl_rfs.v:794]
INFO: [Synth 8-638] synthesizing module 'axi_data_fifo_v2_1_10_axic_srl_fifo' [c:/Users/Berk/Desktop/FPGA/UMRAM/Ethernet/Ethernet.srcs/sources_1/bd/design_1/ipshared/39ba/hdl/axi_data_fifo_v2_1_vl_rfs.v:698]
INFO: [Synth 8-638] synthesizing module 'axi_data_fifo_v2_1_10_ndeep_srl' [c:/Users/Berk/Desktop/FPGA/UMRAM/Ethernet/Ethernet.srcs/sources_1/bd/design_1/ipshared/39ba/hdl/axi_data_fifo_v2_1_vl_rfs.v:1134]
INFO: [Synth 8-638] synthesizing module 'SRLC32E' [C:/Xilinx/Vivado/2016.4/scripts/rt/data/unisim_comp.v:43478]
INFO: [Synth 8-256] done synthesizing module 'SRLC32E' (4#1) [C:/Xilinx/Vivado/2016.4/scripts/rt/data/unisim_comp.v:43478]
INFO: [Synth 8-256] done synthesizing module 'axi_data_fifo_v2_1_10_ndeep_srl' (5#1) [c:/Users/Berk/Desktop/FPGA/UMRAM/Ethernet/Ethernet.srcs/sources_1/bd/design_1/ipshared/39ba/hdl/axi_data_fifo_v2_1_vl_rfs.v:1134]
INFO: [Synth 8-256] done synthesizing module 'axi_data_fifo_v2_1_10_axic_srl_fifo' (6#1) [c:/Users/Berk/Desktop/FPGA/UMRAM/Ethernet/Ethernet.srcs/sources_1/bd/design_1/ipshared/39ba/hdl/axi_data_fifo_v2_1_vl_rfs.v:698]
INFO: [Synth 8-638] synthesizing module 'generic_baseblocks_v2_1_0_mux_enc' [c:/Users/Berk/Desktop/FPGA/UMRAM/Ethernet/Ethernet.srcs/sources_1/bd/design_1/ipshared/7ee0/hdl/generic_baseblocks_v2_1_vl_rfs.v:2452]
INFO: [Synth 8-256] done synthesizing module 'generic_baseblocks_v2_1_0_mux_enc' (7#1) [c:/Users/Berk/Desktop/FPGA/UMRAM/Ethernet/Ethernet.srcs/sources_1/bd/design_1/ipshared/7ee0/hdl/generic_baseblocks_v2_1_vl_rfs.v:2452]
INFO: [Synth 8-256] done synthesizing module 'axi_crossbar_v2_1_12_si_transactor' (8#1) [c:/Users/Berk/Desktop/FPGA/UMRAM/Ethernet/Ethernet.srcs/sources_1/bd/design_1/ipshared/896d/hdl/axi_crossbar_v2_1_vl_rfs.v:3798]
INFO: [Synth 8-638] synthesizing module 'axi_crossbar_v2_1_12_si_transactor__parameterized0' [c:/Users/Berk/Desktop/FPGA/UMRAM/Ethernet/Ethernet.srcs/sources_1/bd/design_1/ipshared/896d/hdl/axi_crossbar_v2_1_vl_rfs.v:3798]
INFO: [Synth 8-638] synthesizing module 'axi_data_fifo_v2_1_10_axic_srl_fifo__parameterized0' [c:/Users/Berk/Desktop/FPGA/UMRAM/Ethernet/Ethernet.srcs/sources_1/bd/design_1/ipshared/39ba/hdl/axi_data_fifo_v2_1_vl_rfs.v:698]
INFO: [Synth 8-638] synthesizing module 'axi_data_fifo_v2_1_10_ndeep_srl__parameterized0' [c:/Users/Berk/Desktop/FPGA/UMRAM/Ethernet/Ethernet.srcs/sources_1/bd/design_1/ipshared/39ba/hdl/axi_data_fifo_v2_1_vl_rfs.v:1134]
INFO: [Synth 8-256] done synthesizing module 'axi_data_fifo_v2_1_10_ndeep_srl__parameterized0' (8#1) [c:/Users/Berk/Desktop/FPGA/UMRAM/Ethernet/Ethernet.srcs/sources_1/bd/design_1/ipshared/39ba/hdl/axi_data_fifo_v2_1_vl_rfs.v:1134]
INFO: [Synth 8-638] synthesizing module 'axi_data_fifo_v2_1_10_ndeep_srl__parameterized1' [c:/Users/Berk/Desktop/FPGA/UMRAM/Ethernet/Ethernet.srcs/sources_1/bd/design_1/ipshared/39ba/hdl/axi_data_fifo_v2_1_vl_rfs.v:1134]
INFO: [Synth 8-256] done synthesizing module 'axi_data_fifo_v2_1_10_ndeep_srl__parameterized1' (8#1) [c:/Users/Berk/Desktop/FPGA/UMRAM/Ethernet/Ethernet.srcs/sources_1/bd/design_1/ipshared/39ba/hdl/axi_data_fifo_v2_1_vl_rfs.v:1134]
INFO: [Synth 8-638] synthesizing module 'axi_data_fifo_v2_1_10_ndeep_srl__parameterized2' [c:/Users/Berk/Desktop/FPGA/UMRAM/Ethernet/Ethernet.srcs/sources_1/bd/design_1/ipshared/39ba/hdl/axi_data_fifo_v2_1_vl_rfs.v:1134]
INFO: [Synth 8-256] done synthesizing module 'axi_data_fifo_v2_1_10_ndeep_srl__parameterized2' (8#1) [c:/Users/Berk/Desktop/FPGA/UMRAM/Ethernet/Ethernet.srcs/sources_1/bd/design_1/ipshared/39ba/hdl/axi_data_fifo_v2_1_vl_rfs.v:1134]
INFO: [Synth 8-638] synthesizing module 'axi_data_fifo_v2_1_10_ndeep_srl__parameterized3' [c:/Users/Berk/Desktop/FPGA/UMRAM/Ethernet/Ethernet.srcs/sources_1/bd/design_1/ipshared/39ba/hdl/axi_data_fifo_v2_1_vl_rfs.v:1134]
INFO: [Synth 8-256] done synthesizing module 'axi_data_fifo_v2_1_10_ndeep_srl__parameterized3' (8#1) [c:/Users/Berk/Desktop/FPGA/UMRAM/Ethernet/Ethernet.srcs/sources_1/bd/design_1/ipshared/39ba/hdl/axi_data_fifo_v2_1_vl_rfs.v:1134]
INFO: [Synth 8-638] synthesizing module 'axi_data_fifo_v2_1_10_ndeep_srl__parameterized4' [c:/Users/Berk/Desktop/FPGA/UMRAM/Ethernet/Ethernet.srcs/sources_1/bd/design_1/ipshared/39ba/hdl/axi_data_fifo_v2_1_vl_rfs.v:1134]
INFO: [Synth 8-256] done synthesizing module 'axi_data_fifo_v2_1_10_ndeep_srl__parameterized4' (8#1) [c:/Users/Berk/Desktop/FPGA/UMRAM/Ethernet/Ethernet.srcs/sources_1/bd/design_1/ipshared/39ba/hdl/axi_data_fifo_v2_1_vl_rfs.v:1134]
INFO: [Synth 8-638] synthesizing module 'axi_data_fifo_v2_1_10_ndeep_srl__parameterized5' [c:/Users/Berk/Desktop/FPGA/UMRAM/Ethernet/Ethernet.srcs/sources_1/bd/design_1/ipshared/39ba/hdl/axi_data_fifo_v2_1_vl_rfs.v:1134]
INFO: [Synth 8-256] done synthesizing module 'axi_data_fifo_v2_1_10_ndeep_srl__parameterized5' (8#1) [c:/Users/Berk/Desktop/FPGA/UMRAM/Ethernet/Ethernet.srcs/sources_1/bd/design_1/ipshared/39ba/hdl/axi_data_fifo_v2_1_vl_rfs.v:1134]
INFO: [Synth 8-638] synthesizing module 'axi_data_fifo_v2_1_10_ndeep_srl__parameterized6' [c:/Users/Berk/Desktop/FPGA/UMRAM/Ethernet/Ethernet.srcs/sources_1/bd/design_1/ipshared/39ba/hdl/axi_data_fifo_v2_1_vl_rfs.v:1134]
INFO: [Synth 8-256] done synthesizing module 'axi_data_fifo_v2_1_10_ndeep_srl__parameterized6' (8#1) [c:/Users/Berk/Desktop/FPGA/UMRAM/Ethernet/Ethernet.srcs/sources_1/bd/design_1/ipshared/39ba/hdl/axi_data_fifo_v2_1_vl_rfs.v:1134]
INFO: [Synth 8-638] synthesizing module 'axi_data_fifo_v2_1_10_ndeep_srl__parameterized7' [c:/Users/Berk/Desktop/FPGA/UMRAM/Ethernet/Ethernet.srcs/sources_1/bd/design_1/ipshared/39ba/hdl/axi_data_fifo_v2_1_vl_rfs.v:1134]
INFO: [Synth 8-256] done synthesizing module 'axi_data_fifo_v2_1_10_ndeep_srl__parameterized7' (8#1) [c:/Users/Berk/Desktop/FPGA/UMRAM/Ethernet/Ethernet.srcs/sources_1/bd/design_1/ipshared/39ba/hdl/axi_data_fifo_v2_1_vl_rfs.v:1134]
INFO: [Synth 8-256] done synthesizing module 'axi_data_fifo_v2_1_10_axic_srl_fifo__parameterized0' (8#1) [c:/Users/Berk/Desktop/FPGA/UMRAM/Ethernet/Ethernet.srcs/sources_1/bd/design_1/ipshared/39ba/hdl/axi_data_fifo_v2_1_vl_rfs.v:698]
INFO: [Synth 8-638] synthesizing module 'generic_baseblocks_v2_1_0_mux_enc__parameterized0' [c:/Users/Berk/Desktop/FPGA/UMRAM/Ethernet/Ethernet.srcs/sources_1/bd/design_1/ipshared/7ee0/hdl/generic_baseblocks_v2_1_vl_rfs.v:2452]
INFO: [Synth 8-256] done synthesizing module 'generic_baseblocks_v2_1_0_mux_enc__parameterized0' (8#1) [c:/Users/Berk/Desktop/FPGA/UMRAM/Ethernet/Ethernet.srcs/sources_1/bd/design_1/ipshared/7ee0/hdl/generic_baseblocks_v2_1_vl_rfs.v:2452]
INFO: [Synth 8-256] done synthesizing module 'axi_crossbar_v2_1_12_si_transactor__parameterized0' (8#1) [c:/Users/Berk/Desktop/FPGA/UMRAM/Ethernet/Ethernet.srcs/sources_1/bd/design_1/ipshared/896d/hdl/axi_crossbar_v2_1_vl_rfs.v:3798]
INFO: [Synth 8-638] synthesizing module 'axi_crossbar_v2_1_12_splitter' [c:/Users/Berk/Desktop/FPGA/UMRAM/Ethernet/Ethernet.srcs/sources_1/bd/design_1/ipshared/896d/hdl/axi_crossbar_v2_1_vl_rfs.v:4459]
INFO: [Synth 8-256] done synthesizing module 'axi_crossbar_v2_1_12_splitter' (9#1) [c:/Users/Berk/Desktop/FPGA/UMRAM/Ethernet/Ethernet.srcs/sources_1/bd/design_1/ipshared/896d/hdl/axi_crossbar_v2_1_vl_rfs.v:4459]
INFO: [Synth 8-638] synthesizing module 'axi_crossbar_v2_1_12_wdata_router' [c:/Users/Berk/Desktop/FPGA/UMRAM/Ethernet/Ethernet.srcs/sources_1/bd/design_1/ipshared/896d/hdl/axi_crossbar_v2_1_vl_rfs.v:4734]
INFO: [Synth 8-638] synthesizing module 'axi_data_fifo_v2_1_10_axic_reg_srl_fifo' [c:/Users/Berk/Desktop/FPGA/UMRAM/Ethernet/Ethernet.srcs/sources_1/bd/design_1/ipshared/39ba/hdl/axi_data_fifo_v2_1_vl_rfs.v:889]
INFO: [Synth 8-638] synthesizing module 'axi_data_fifo_v2_1_10_ndeep_srl__parameterized8' [c:/Users/Berk/Desktop/FPGA/UMRAM/Ethernet/Ethernet.srcs/sources_1/bd/design_1/ipshared/39ba/hdl/axi_data_fifo_v2_1_vl_rfs.v:1134]
INFO: [Synth 8-256] done synthesizing module 'axi_data_fifo_v2_1_10_ndeep_srl__parameterized8' (9#1) [c:/Users/Berk/Desktop/FPGA/UMRAM/Ethernet/Ethernet.srcs/sources_1/bd/design_1/ipshared/39ba/hdl/axi_data_fifo_v2_1_vl_rfs.v:1134]
INFO: [Synth 8-256] done synthesizing module 'axi_data_fifo_v2_1_10_axic_reg_srl_fifo' (10#1) [c:/Users/Berk/Desktop/FPGA/UMRAM/Ethernet/Ethernet.srcs/sources_1/bd/design_1/ipshared/39ba/hdl/axi_data_fifo_v2_1_vl_rfs.v:889]
INFO: [Synth 8-256] done synthesizing module 'axi_crossbar_v2_1_12_wdata_router' (11#1) [c:/Users/Berk/Desktop/FPGA/UMRAM/Ethernet/Ethernet.srcs/sources_1/bd/design_1/ipshared/896d/hdl/axi_crossbar_v2_1_vl_rfs.v:4734]
INFO: [Synth 8-638] synthesizing module 'axi_crossbar_v2_1_12_si_transactor__parameterized1' [c:/Users/Berk/Desktop/FPGA/UMRAM/Ethernet/Ethernet.srcs/sources_1/bd/design_1/ipshared/896d/hdl/axi_crossbar_v2_1_vl_rfs.v:3798]
INFO: [Synth 8-256] done synthesizing module 'axi_crossbar_v2_1_12_si_transactor__parameterized1' (11#1) [c:/Users/Berk/Desktop/FPGA/UMRAM/Ethernet/Ethernet.srcs/sources_1/bd/design_1/ipshared/896d/hdl/axi_crossbar_v2_1_vl_rfs.v:3798]
INFO: [Synth 8-638] synthesizing module 'axi_crossbar_v2_1_12_si_transactor__parameterized2' [c:/Users/Berk/Desktop/FPGA/UMRAM/Ethernet/Ethernet.srcs/sources_1/bd/design_1/ipshared/896d/hdl/axi_crossbar_v2_1_vl_rfs.v:3798]
INFO: [Synth 8-256] done synthesizing module 'axi_crossbar_v2_1_12_si_transactor__parameterized2' (11#1) [c:/Users/Berk/Desktop/FPGA/UMRAM/Ethernet/Ethernet.srcs/sources_1/bd/design_1/ipshared/896d/hdl/axi_crossbar_v2_1_vl_rfs.v:3798]
INFO: [Synth 8-638] synthesizing module 'axi_crossbar_v2_1_12_si_transactor__parameterized3' [c:/Users/Berk/Desktop/FPGA/UMRAM/Ethernet/Ethernet.srcs/sources_1/bd/design_1/ipshared/896d/hdl/axi_crossbar_v2_1_vl_rfs.v:3798]
INFO: [Synth 8-638] synthesizing module 'generic_baseblocks_v2_1_0_mux_enc__parameterized1' [c:/Users/Berk/Desktop/FPGA/UMRAM/Ethernet/Ethernet.srcs/sources_1/bd/design_1/ipshared/7ee0/hdl/generic_baseblocks_v2_1_vl_rfs.v:2452]
INFO: [Synth 8-256] done synthesizing module 'generic_baseblocks_v2_1_0_mux_enc__parameterized1' (11#1) [c:/Users/Berk/Desktop/FPGA/UMRAM/Ethernet/Ethernet.srcs/sources_1/bd/design_1/ipshared/7ee0/hdl/generic_baseblocks_v2_1_vl_rfs.v:2452]
INFO: [Synth 8-256] done synthesizing module 'axi_crossbar_v2_1_12_si_transactor__parameterized3' (11#1) [c:/Users/Berk/Desktop/FPGA/UMRAM/Ethernet/Ethernet.srcs/sources_1/bd/design_1/ipshared/896d/hdl/axi_crossbar_v2_1_vl_rfs.v:3798]
INFO: [Synth 8-638] synthesizing module 'axi_crossbar_v2_1_12_wdata_router__parameterized0' [c:/Users/Berk/Desktop/FPGA/UMRAM/Ethernet/Ethernet.srcs/sources_1/bd/design_1/ipshared/896d/hdl/axi_crossbar_v2_1_vl_rfs.v:4734]
INFO: [Synth 8-638] synthesizing module 'axi_data_fifo_v2_1_10_axic_reg_srl_fifo__parameterized0' [c:/Users/Berk/Desktop/FPGA/UMRAM/Ethernet/Ethernet.srcs/sources_1/bd/design_1/ipshared/39ba/hdl/axi_data_fifo_v2_1_vl_rfs.v:889]
INFO: [Synth 8-256] done synthesizing module 'axi_data_fifo_v2_1_10_axic_reg_srl_fifo__parameterized0' (11#1) [c:/Users/Berk/Desktop/FPGA/UMRAM/Ethernet/Ethernet.srcs/sources_1/bd/design_1/ipshared/39ba/hdl/axi_data_fifo_v2_1_vl_rfs.v:889]
INFO: [Synth 8-256] done synthesizing module 'axi_crossbar_v2_1_12_wdata_router__parameterized0' (11#1) [c:/Users/Berk/Desktop/FPGA/UMRAM/Ethernet/Ethernet.srcs/sources_1/bd/design_1/ipshared/896d/hdl/axi_crossbar_v2_1_vl_rfs.v:4734]
INFO: [Synth 8-638] synthesizing module 'axi_crossbar_v2_1_12_si_transactor__parameterized4' [c:/Users/Berk/Desktop/FPGA/UMRAM/Ethernet/Ethernet.srcs/sources_1/bd/design_1/ipshared/896d/hdl/axi_crossbar_v2_1_vl_rfs.v:3798]
INFO: [Synth 8-256] done synthesizing module 'axi_crossbar_v2_1_12_si_transactor__parameterized4' (11#1) [c:/Users/Berk/Desktop/FPGA/UMRAM/Ethernet/Ethernet.srcs/sources_1/bd/design_1/ipshared/896d/hdl/axi_crossbar_v2_1_vl_rfs.v:3798]
INFO: [Synth 8-638] synthesizing module 'axi_crossbar_v2_1_12_si_transactor__parameterized5' [c:/Users/Berk/Desktop/FPGA/UMRAM/Ethernet/Ethernet.srcs/sources_1/bd/design_1/ipshared/896d/hdl/axi_crossbar_v2_1_vl_rfs.v:3798]
INFO: [Synth 8-638] synthesizing module 'generic_baseblocks_v2_1_0_mux_enc__parameterized2' [c:/Users/Berk/Desktop/FPGA/UMRAM/Ethernet/Ethernet.srcs/sources_1/bd/design_1/ipshared/7ee0/hdl/generic_baseblocks_v2_1_vl_rfs.v:2452]
INFO: [Synth 8-256] done synthesizing module 'generic_baseblocks_v2_1_0_mux_enc__parameterized2' (11#1) [c:/Users/Berk/Desktop/FPGA/UMRAM/Ethernet/Ethernet.srcs/sources_1/bd/design_1/ipshared/7ee0/hdl/generic_baseblocks_v2_1_vl_rfs.v:2452]
INFO: [Synth 8-256] done synthesizing module 'axi_crossbar_v2_1_12_si_transactor__parameterized5' (11#1) [c:/Users/Berk/Desktop/FPGA/UMRAM/Ethernet/Ethernet.srcs/sources_1/bd/design_1/ipshared/896d/hdl/axi_crossbar_v2_1_vl_rfs.v:3798]
INFO: [Synth 8-638] synthesizing module 'axi_crossbar_v2_1_12_wdata_router__parameterized1' [c:/Users/Berk/Desktop/FPGA/UMRAM/Ethernet/Ethernet.srcs/sources_1/bd/design_1/ipshared/896d/hdl/axi_crossbar_v2_1_vl_rfs.v:4734]
INFO: [Synth 8-638] synthesizing module 'axi_data_fifo_v2_1_10_axic_reg_srl_fifo__parameterized1' [c:/Users/Berk/Desktop/FPGA/UMRAM/Ethernet/Ethernet.srcs/sources_1/bd/design_1/ipshared/39ba/hdl/axi_data_fifo_v2_1_vl_rfs.v:889]
INFO: [Synth 8-256] done synthesizing module 'axi_data_fifo_v2_1_10_axic_reg_srl_fifo__parameterized1' (11#1) [c:/Users/Berk/Desktop/FPGA/UMRAM/Ethernet/Ethernet.srcs/sources_1/bd/design_1/ipshared/39ba/hdl/axi_data_fifo_v2_1_vl_rfs.v:889]
INFO: [Synth 8-256] done synthesizing module 'axi_crossbar_v2_1_12_wdata_router__parameterized1' (11#1) [c:/Users/Berk/Desktop/FPGA/UMRAM/Ethernet/Ethernet.srcs/sources_1/bd/design_1/ipshared/896d/hdl/axi_crossbar_v2_1_vl_rfs.v:4734]
INFO: [Synth 8-638] synthesizing module 'axi_crossbar_v2_1_12_addr_decoder__parameterized0' [c:/Users/Berk/Desktop/FPGA/UMRAM/Ethernet/Ethernet.srcs/sources_1/bd/design_1/ipshared/896d/hdl/axi_crossbar_v2_1_vl_rfs.v:794]
INFO: [Synth 8-256] done synthesizing module 'axi_crossbar_v2_1_12_addr_decoder__parameterized0' (11#1) [c:/Users/Berk/Desktop/FPGA/UMRAM/Ethernet/Ethernet.srcs/sources_1/bd/design_1/ipshared/896d/hdl/axi_crossbar_v2_1_vl_rfs.v:794]
INFO: [Synth 8-638] synthesizing module 'axi_crossbar_v2_1_12_addr_decoder__parameterized1' [c:/Users/Berk/Desktop/FPGA/UMRAM/Ethernet/Ethernet.srcs/sources_1/bd/design_1/ipshared/896d/hdl/axi_crossbar_v2_1_vl_rfs.v:794]
INFO: [Synth 8-256] done synthesizing module 'axi_crossbar_v2_1_12_addr_decoder__parameterized1' (11#1) [c:/Users/Berk/Desktop/FPGA/UMRAM/Ethernet/Ethernet.srcs/sources_1/bd/design_1/ipshared/896d/hdl/axi_crossbar_v2_1_vl_rfs.v:794]
INFO: [Synth 8-638] synthesizing module 'axi_data_fifo_v2_1_10_axic_srl_fifo__parameterized1' [c:/Users/Berk/Desktop/FPGA/UMRAM/Ethernet/Ethernet.srcs/sources_1/bd/design_1/ipshared/39ba/hdl/axi_data_fifo_v2_1_vl_rfs.v:698]
INFO: [Synth 8-638] synthesizing module 'axi_data_fifo_v2_1_10_ndeep_srl__parameterized9' [c:/Users/Berk/Desktop/FPGA/UMRAM/Ethernet/Ethernet.srcs/sources_1/bd/design_1/ipshared/39ba/hdl/axi_data_fifo_v2_1_vl_rfs.v:1134]
INFO: [Synth 8-256] done synthesizing module 'axi_data_fifo_v2_1_10_ndeep_srl__parameterized9' (11#1) [c:/Users/Berk/Desktop/FPGA/UMRAM/Ethernet/Ethernet.srcs/sources_1/bd/design_1/ipshared/39ba/hdl/axi_data_fifo_v2_1_vl_rfs.v:1134]
INFO: [Synth 8-638] synthesizing module 'axi_data_fifo_v2_1_10_ndeep_srl__parameterized10' [c:/Users/Berk/Desktop/FPGA/UMRAM/Ethernet/Ethernet.srcs/sources_1/bd/design_1/ipshared/39ba/hdl/axi_data_fifo_v2_1_vl_rfs.v:1134]
INFO: [Synth 8-256] done synthesizing module 'axi_data_fifo_v2_1_10_ndeep_srl__parameterized10' (11#1) [c:/Users/Berk/Desktop/FPGA/UMRAM/Ethernet/Ethernet.srcs/sources_1/bd/design_1/ipshared/39ba/hdl/axi_data_fifo_v2_1_vl_rfs.v:1134]
INFO: [Synth 8-638] synthesizing module 'axi_data_fifo_v2_1_10_ndeep_srl__parameterized11' [c:/Users/Berk/Desktop/FPGA/UMRAM/Ethernet/Ethernet.srcs/sources_1/bd/design_1/ipshared/39ba/hdl/axi_data_fifo_v2_1_vl_rfs.v:1134]
INFO: [Synth 8-256] done synthesizing module 'axi_data_fifo_v2_1_10_ndeep_srl__parameterized11' (11#1) [c:/Users/Berk/Desktop/FPGA/UMRAM/Ethernet/Ethernet.srcs/sources_1/bd/design_1/ipshared/39ba/hdl/axi_data_fifo_v2_1_vl_rfs.v:1134]
INFO: [Synth 8-638] synthesizing module 'axi_data_fifo_v2_1_10_ndeep_srl__parameterized12' [c:/Users/Berk/Desktop/FPGA/UMRAM/Ethernet/Ethernet.srcs/sources_1/bd/design_1/ipshared/39ba/hdl/axi_data_fifo_v2_1_vl_rfs.v:1134]
INFO: [Synth 8-256] done synthesizing module 'axi_data_fifo_v2_1_10_ndeep_srl__parameterized12' (11#1) [c:/Users/Berk/Desktop/FPGA/UMRAM/Ethernet/Ethernet.srcs/sources_1/bd/design_1/ipshared/39ba/hdl/axi_data_fifo_v2_1_vl_rfs.v:1134]
INFO: [Synth 8-638] synthesizing module 'axi_data_fifo_v2_1_10_ndeep_srl__parameterized13' [c:/Users/Berk/Desktop/FPGA/UMRAM/Ethernet/Ethernet.srcs/sources_1/bd/design_1/ipshared/39ba/hdl/axi_data_fifo_v2_1_vl_rfs.v:1134]
INFO: [Synth 8-256] done synthesizing module 'axi_data_fifo_v2_1_10_ndeep_srl__parameterized13' (11#1) [c:/Users/Berk/Desktop/FPGA/UMRAM/Ethernet/Ethernet.srcs/sources_1/bd/design_1/ipshared/39ba/hdl/axi_data_fifo_v2_1_vl_rfs.v:1134]
INFO: [Synth 8-638] synthesizing module 'axi_data_fifo_v2_1_10_ndeep_srl__parameterized14' [c:/Users/Berk/Desktop/FPGA/UMRAM/Ethernet/Ethernet.srcs/sources_1/bd/design_1/ipshared/39ba/hdl/axi_data_fifo_v2_1_vl_rfs.v:1134]
INFO: [Synth 8-256] done synthesizing module 'axi_data_fifo_v2_1_10_ndeep_srl__parameterized14' (11#1) [c:/Users/Berk/Desktop/FPGA/UMRAM/Ethernet/Ethernet.srcs/sources_1/bd/design_1/ipshared/39ba/hdl/axi_data_fifo_v2_1_vl_rfs.v:1134]
INFO: [Synth 8-638] synthesizing module 'axi_data_fifo_v2_1_10_ndeep_srl__parameterized15' [c:/Users/Berk/Desktop/FPGA/UMRAM/Ethernet/Ethernet.srcs/sources_1/bd/design_1/ipshared/39ba/hdl/axi_data_fifo_v2_1_vl_rfs.v:1134]
INFO: [Synth 8-256] done synthesizing module 'axi_data_fifo_v2_1_10_ndeep_srl__parameterized15' (11#1) [c:/Users/Berk/Desktop/FPGA/UMRAM/Ethernet/Ethernet.srcs/sources_1/bd/design_1/ipshared/39ba/hdl/axi_data_fifo_v2_1_vl_rfs.v:1134]
INFO: [Synth 8-638] synthesizing module 'axi_data_fifo_v2_1_10_ndeep_srl__parameterized16' [c:/Users/Berk/Desktop/FPGA/UMRAM/Ethernet/Ethernet.srcs/sources_1/bd/design_1/ipshared/39ba/hdl/axi_data_fifo_v2_1_vl_rfs.v:1134]
INFO: [Synth 8-256] done synthesizing module 'axi_data_fifo_v2_1_10_ndeep_srl__parameterized16' (11#1) [c:/Users/Berk/Desktop/FPGA/UMRAM/Ethernet/Ethernet.srcs/sources_1/bd/design_1/ipshared/39ba/hdl/axi_data_fifo_v2_1_vl_rfs.v:1134]
INFO: [Synth 8-256] done synthesizing module 'axi_data_fifo_v2_1_10_axic_srl_fifo__parameterized1' (11#1) [c:/Users/Berk/Desktop/FPGA/UMRAM/Ethernet/Ethernet.srcs/sources_1/bd/design_1/ipshared/39ba/hdl/axi_data_fifo_v2_1_vl_rfs.v:698]
INFO: [Synth 8-638] synthesizing module 'axi_crossbar_v2_1_12_wdata_mux' [c:/Users/Berk/Desktop/FPGA/UMRAM/Ethernet/Ethernet.srcs/sources_1/bd/design_1/ipshared/896d/hdl/axi_crossbar_v2_1_vl_rfs.v:4559]
INFO: [Synth 8-638] synthesizing module 'axi_data_fifo_v2_1_10_axic_reg_srl_fifo__parameterized2' [c:/Users/Berk/Desktop/FPGA/UMRAM/Ethernet/Ethernet.srcs/sources_1/bd/design_1/ipshared/39ba/hdl/axi_data_fifo_v2_1_vl_rfs.v:889]
INFO: [Synth 8-638] synthesizing module 'axi_data_fifo_v2_1_10_ndeep_srl__parameterized17' [c:/Users/Berk/Desktop/FPGA/UMRAM/Ethernet/Ethernet.srcs/sources_1/bd/design_1/ipshared/39ba/hdl/axi_data_fifo_v2_1_vl_rfs.v:1134]
INFO: [Synth 8-256] done synthesizing module 'axi_data_fifo_v2_1_10_ndeep_srl__parameterized17' (11#1) [c:/Users/Berk/Desktop/FPGA/UMRAM/Ethernet/Ethernet.srcs/sources_1/bd/design_1/ipshared/39ba/hdl/axi_data_fifo_v2_1_vl_rfs.v:1134]
INFO: [Synth 8-638] synthesizing module 'axi_data_fifo_v2_1_10_ndeep_srl__parameterized18' [c:/Users/Berk/Desktop/FPGA/UMRAM/Ethernet/Ethernet.srcs/sources_1/bd/design_1/ipshared/39ba/hdl/axi_data_fifo_v2_1_vl_rfs.v:1134]
INFO: [Synth 8-256] done synthesizing module 'axi_data_fifo_v2_1_10_ndeep_srl__parameterized18' (11#1) [c:/Users/Berk/Desktop/FPGA/UMRAM/Ethernet/Ethernet.srcs/sources_1/bd/design_1/ipshared/39ba/hdl/axi_data_fifo_v2_1_vl_rfs.v:1134]
INFO: [Synth 8-638] synthesizing module 'axi_data_fifo_v2_1_10_ndeep_srl__parameterized19' [c:/Users/Berk/Desktop/FPGA/UMRAM/Ethernet/Ethernet.srcs/sources_1/bd/design_1/ipshared/39ba/hdl/axi_data_fifo_v2_1_vl_rfs.v:1134]
INFO: [Synth 8-256] done synthesizing module 'axi_data_fifo_v2_1_10_ndeep_srl__parameterized19' (11#1) [c:/Users/Berk/Desktop/FPGA/UMRAM/Ethernet/Ethernet.srcs/sources_1/bd/design_1/ipshared/39ba/hdl/axi_data_fifo_v2_1_vl_rfs.v:1134]
INFO: [Synth 8-256] done synthesizing module 'axi_data_fifo_v2_1_10_axic_reg_srl_fifo__parameterized2' (11#1) [c:/Users/Berk/Desktop/FPGA/UMRAM/Ethernet/Ethernet.srcs/sources_1/bd/design_1/ipshared/39ba/hdl/axi_data_fifo_v2_1_vl_rfs.v:889]
INFO: [Synth 8-638] synthesizing module 'generic_baseblocks_v2_1_0_mux_enc__parameterized3' [c:/Users/Berk/Desktop/FPGA/UMRAM/Ethernet/Ethernet.srcs/sources_1/bd/design_1/ipshared/7ee0/hdl/generic_baseblocks_v2_1_vl_rfs.v:2452]
INFO: [Synth 8-256] done synthesizing module 'generic_baseblocks_v2_1_0_mux_enc__parameterized3' (11#1) [c:/Users/Berk/Desktop/FPGA/UMRAM/Ethernet/Ethernet.srcs/sources_1/bd/design_1/ipshared/7ee0/hdl/generic_baseblocks_v2_1_vl_rfs.v:2452]
INFO: [Synth 8-256] done synthesizing module 'axi_crossbar_v2_1_12_wdata_mux' (12#1) [c:/Users/Berk/Desktop/FPGA/UMRAM/Ethernet/Ethernet.srcs/sources_1/bd/design_1/ipshared/896d/hdl/axi_crossbar_v2_1_vl_rfs.v:4559]
INFO: [Synth 8-638] synthesizing module 'axi_register_slice_v2_1_11_axi_register_slice' [c:/Users/Berk/Desktop/FPGA/UMRAM/Ethernet/Ethernet.srcs/sources_1/bd/design_1/ipshared/0b6b/hdl/axi_register_slice_v2_1_vl_rfs.v:791]
INFO: [Synth 8-638] synthesizing module 'axi_infrastructure_v1_1_0_axi2vector' [c:/Users/Berk/Desktop/FPGA/UMRAM/Ethernet/Ethernet.srcs/sources_1/bd/design_1/ipshared/7e3a/hdl/axi_infrastructure_v1_1_vl_rfs.v:60]
INFO: [Synth 8-256] done synthesizing module 'axi_infrastructure_v1_1_0_axi2vector' (13#1) [c:/Users/Berk/Desktop/FPGA/UMRAM/Ethernet/Ethernet.srcs/sources_1/bd/design_1/ipshared/7e3a/hdl/axi_infrastructure_v1_1_vl_rfs.v:60]
INFO: [Synth 8-638] synthesizing module 'axi_register_slice_v2_1_11_axic_register_slice' [c:/Users/Berk/Desktop/FPGA/UMRAM/Ethernet/Ethernet.srcs/sources_1/bd/design_1/ipshared/0b6b/hdl/axi_register_slice_v2_1_vl_rfs.v:85]
INFO: [Synth 8-256] done synthesizing module 'axi_register_slice_v2_1_11_axic_register_slice' (14#1) [c:/Users/Berk/Desktop/FPGA/UMRAM/Ethernet/Ethernet.srcs/sources_1/bd/design_1/ipshared/0b6b/hdl/axi_register_slice_v2_1_vl_rfs.v:85]
INFO: [Synth 8-638] synthesizing module 'axi_register_slice_v2_1_11_axic_register_slice__parameterized0' [c:/Users/Berk/Desktop/FPGA/UMRAM/Ethernet/Ethernet.srcs/sources_1/bd/design_1/ipshared/0b6b/hdl/axi_register_slice_v2_1_vl_rfs.v:85]
INFO: [Synth 8-256] done synthesizing module 'axi_register_slice_v2_1_11_axic_register_slice__parameterized0' (14#1) [c:/Users/Berk/Desktop/FPGA/UMRAM/Ethernet/Ethernet.srcs/sources_1/bd/design_1/ipshared/0b6b/hdl/axi_register_slice_v2_1_vl_rfs.v:85]
INFO: [Synth 8-638] synthesizing module 'axi_register_slice_v2_1_11_axic_register_slice__parameterized1' [c:/Users/Berk/Desktop/FPGA/UMRAM/Ethernet/Ethernet.srcs/sources_1/bd/design_1/ipshared/0b6b/hdl/axi_register_slice_v2_1_vl_rfs.v:85]
INFO: [Synth 8-256] done synthesizing module 'axi_register_slice_v2_1_11_axic_register_slice__parameterized1' (14#1) [c:/Users/Berk/Desktop/FPGA/UMRAM/Ethernet/Ethernet.srcs/sources_1/bd/design_1/ipshared/0b6b/hdl/axi_register_slice_v2_1_vl_rfs.v:85]
INFO: [Synth 8-638] synthesizing module 'axi_register_slice_v2_1_11_axic_register_slice__parameterized2' [c:/Users/Berk/Desktop/FPGA/UMRAM/Ethernet/Ethernet.srcs/sources_1/bd/design_1/ipshared/0b6b/hdl/axi_register_slice_v2_1_vl_rfs.v:85]
INFO: [Synth 8-256] done synthesizing module 'axi_register_slice_v2_1_11_axic_register_slice__parameterized2' (14#1) [c:/Users/Berk/Desktop/FPGA/UMRAM/Ethernet/Ethernet.srcs/sources_1/bd/design_1/ipshared/0b6b/hdl/axi_register_slice_v2_1_vl_rfs.v:85]
INFO: [Synth 8-638] synthesizing module 'axi_infrastructure_v1_1_0_vector2axi' [c:/Users/Berk/Desktop/FPGA/UMRAM/Ethernet/Ethernet.srcs/sources_1/bd/design_1/ipshared/7e3a/hdl/axi_infrastructure_v1_1_vl_rfs.v:474]
INFO: [Synth 8-256] done synthesizing module 'axi_infrastructure_v1_1_0_vector2axi' (15#1) [c:/Users/Berk/Desktop/FPGA/UMRAM/Ethernet/Ethernet.srcs/sources_1/bd/design_1/ipshared/7e3a/hdl/axi_infrastructure_v1_1_vl_rfs.v:474]
INFO: [Synth 8-256] done synthesizing module 'axi_register_slice_v2_1_11_axi_register_slice' (16#1) [c:/Users/Berk/Desktop/FPGA/UMRAM/Ethernet/Ethernet.srcs/sources_1/bd/design_1/ipshared/0b6b/hdl/axi_register_slice_v2_1_vl_rfs.v:791]
INFO: [Synth 8-638] synthesizing module 'axi_crossbar_v2_1_12_addr_decoder__parameterized2' [c:/Users/Berk/Desktop/FPGA/UMRAM/Ethernet/Ethernet.srcs/sources_1/bd/design_1/ipshared/896d/hdl/axi_crossbar_v2_1_vl_rfs.v:794]
INFO: [Synth 8-256] done synthesizing module 'axi_crossbar_v2_1_12_addr_decoder__parameterized2' (16#1) [c:/Users/Berk/Desktop/FPGA/UMRAM/Ethernet/Ethernet.srcs/sources_1/bd/design_1/ipshared/896d/hdl/axi_crossbar_v2_1_vl_rfs.v:794]
INFO: [Synth 8-638] synthesizing module 'axi_crossbar_v2_1_12_addr_decoder__parameterized3' [c:/Users/Berk/Desktop/FPGA/UMRAM/Ethernet/Ethernet.srcs/sources_1/bd/design_1/ipshared/896d/hdl/axi_crossbar_v2_1_vl_rfs.v:794]
INFO: [Synth 8-256] done synthesizing module 'axi_crossbar_v2_1_12_addr_decoder__parameterized3' (16#1) [c:/Users/Berk/Desktop/FPGA/UMRAM/Ethernet/Ethernet.srcs/sources_1/bd/design_1/ipshared/896d/hdl/axi_crossbar_v2_1_vl_rfs.v:794]
INFO: [Synth 8-638] synthesizing module 'axi_data_fifo_v2_1_10_axic_srl_fifo__parameterized2' [c:/Users/Berk/Desktop/FPGA/UMRAM/Ethernet/Ethernet.srcs/sources_1/bd/design_1/ipshared/39ba/hdl/axi_data_fifo_v2_1_vl_rfs.v:698]
INFO: [Synth 8-256] done synthesizing module 'axi_data_fifo_v2_1_10_axic_srl_fifo__parameterized2' (16#1) [c:/Users/Berk/Desktop/FPGA/UMRAM/Ethernet/Ethernet.srcs/sources_1/bd/design_1/ipshared/39ba/hdl/axi_data_fifo_v2_1_vl_rfs.v:698]
INFO: [Synth 8-638] synthesizing module 'axi_crossbar_v2_1_12_wdata_mux__parameterized0' [c:/Users/Berk/Desktop/FPGA/UMRAM/Ethernet/Ethernet.srcs/sources_1/bd/design_1/ipshared/896d/hdl/axi_crossbar_v2_1_vl_rfs.v:4559]
INFO: [Synth 8-638] synthesizing module 'axi_data_fifo_v2_1_10_axic_reg_srl_fifo__parameterized3' [c:/Users/Berk/Desktop/FPGA/UMRAM/Ethernet/Ethernet.srcs/sources_1/bd/design_1/ipshared/39ba/hdl/axi_data_fifo_v2_1_vl_rfs.v:889]
INFO: [Synth 8-256] done synthesizing module 'axi_data_fifo_v2_1_10_axic_reg_srl_fifo__parameterized3' (16#1) [c:/Users/Berk/Desktop/FPGA/UMRAM/Ethernet/Ethernet.srcs/sources_1/bd/design_1/ipshared/39ba/hdl/axi_data_fifo_v2_1_vl_rfs.v:889]
INFO: [Synth 8-638] synthesizing module 'generic_baseblocks_v2_1_0_mux_enc__parameterized4' [c:/Users/Berk/Desktop/FPGA/UMRAM/Ethernet/Ethernet.srcs/sources_1/bd/design_1/ipshared/7ee0/hdl/generic_baseblocks_v2_1_vl_rfs.v:2452]
INFO: [Synth 8-256] done synthesizing module 'generic_baseblocks_v2_1_0_mux_enc__parameterized4' (16#1) [c:/Users/Berk/Desktop/FPGA/UMRAM/Ethernet/Ethernet.srcs/sources_1/bd/design_1/ipshared/7ee0/hdl/generic_baseblocks_v2_1_vl_rfs.v:2452]
INFO: [Synth 8-256] done synthesizing module 'axi_crossbar_v2_1_12_wdata_mux__parameterized0' (16#1) [c:/Users/Berk/Desktop/FPGA/UMRAM/Ethernet/Ethernet.srcs/sources_1/bd/design_1/ipshared/896d/hdl/axi_crossbar_v2_1_vl_rfs.v:4559]
INFO: [Synth 8-638] synthesizing module 'axi_crossbar_v2_1_12_decerr_slave' [c:/Users/Berk/Desktop/FPGA/UMRAM/Ethernet/Ethernet.srcs/sources_1/bd/design_1/ipshared/896d/hdl/axi_crossbar_v2_1_vl_rfs.v:3500]
INFO: [Synth 8-256] done synthesizing module 'axi_crossbar_v2_1_12_decerr_slave' (17#1) [c:/Users/Berk/Desktop/FPGA/UMRAM/Ethernet/Ethernet.srcs/sources_1/bd/design_1/ipshared/896d/hdl/axi_crossbar_v2_1_vl_rfs.v:3500]
INFO: [Synth 8-638] synthesizing module 'axi_crossbar_v2_1_12_addr_arbiter' [c:/Users/Berk/Desktop/FPGA/UMRAM/Ethernet/Ethernet.srcs/sources_1/bd/design_1/ipshared/896d/hdl/axi_crossbar_v2_1_vl_rfs.v:423]
INFO: [Synth 8-638] synthesizing module 'generic_baseblocks_v2_1_0_mux_enc__parameterized5' [c:/Users/Berk/Desktop/FPGA/UMRAM/Ethernet/Ethernet.srcs/sources_1/bd/design_1/ipshared/7ee0/hdl/generic_baseblocks_v2_1_vl_rfs.v:2452]
INFO: [Synth 8-256] done synthesizing module 'generic_baseblocks_v2_1_0_mux_enc__parameterized5' (17#1) [c:/Users/Berk/Desktop/FPGA/UMRAM/Ethernet/Ethernet.srcs/sources_1/bd/design_1/ipshared/7ee0/hdl/generic_baseblocks_v2_1_vl_rfs.v:2452]
INFO: [Synth 8-638] synthesizing module 'generic_baseblocks_v2_1_0_mux_enc__parameterized6' [c:/Users/Berk/Desktop/FPGA/UMRAM/Ethernet/Ethernet.srcs/sources_1/bd/design_1/ipshared/7ee0/hdl/generic_baseblocks_v2_1_vl_rfs.v:2452]
INFO: [Synth 8-256] done synthesizing module 'generic_baseblocks_v2_1_0_mux_enc__parameterized6' (17#1) [c:/Users/Berk/Desktop/FPGA/UMRAM/Ethernet/Ethernet.srcs/sources_1/bd/design_1/ipshared/7ee0/hdl/generic_baseblocks_v2_1_vl_rfs.v:2452]
INFO: [Synth 8-256] done synthesizing module 'axi_crossbar_v2_1_12_addr_arbiter' (18#1) [c:/Users/Berk/Desktop/FPGA/UMRAM/Ethernet/Ethernet.srcs/sources_1/bd/design_1/ipshared/896d/hdl/axi_crossbar_v2_1_vl_rfs.v:423]
INFO: [Synth 8-256] done synthesizing module 'axi_crossbar_v2_1_12_crossbar' (19#1) [c:/Users/Berk/Desktop/FPGA/UMRAM/Ethernet/Ethernet.srcs/sources_1/bd/design_1/ipshared/896d/hdl/axi_crossbar_v2_1_vl_rfs.v:2239]
INFO: [Synth 8-256] done synthesizing module 'axi_crossbar_v2_1_12_axi_crossbar' (20#1) [c:/Users/Berk/Desktop/FPGA/UMRAM/Ethernet/Ethernet.srcs/sources_1/bd/design_1/ipshared/896d/hdl/axi_crossbar_v2_1_vl_rfs.v:4882]
INFO: [Synth 8-256] done synthesizing module 'design_1_xbar_0' (21#1) [c:/Users/Berk/Desktop/FPGA/UMRAM/Ethernet/Ethernet.srcs/sources_1/bd/design_1/ip/design_1_xbar_0/synth/design_1_xbar_0.v:59]
Finished RTL Elaboration : Time (s): cpu = 00:00:31 ; elapsed = 00:01:31 . Memory (MB): peak = 498.473 ; gain = 288.332
Finished RTL Optimization Phase 1 : Time (s): cpu = 00:00:32 ; elapsed = 00:01:32 . Memory (MB): peak = 498.473 ; gain = 288.332
INFO: [Device 21-403] Loading part xc7vx485tffg1761-2
Constraint Validation Runtime : Time (s): cpu = 00:00:01 ; elapsed = 00:00:00.963 . Memory (MB): peak = 909.965 ; gain = 2.777
Finished Constraint Validation : Time (s): cpu = 00:01:10 ; elapsed = 00:02:25 . Memory (MB): peak = 909.965 ; gain = 699.824
Finished Loading Part and Timing Information : Time (s): cpu = 00:01:10 ; elapsed = 00:02:25 . Memory (MB): peak = 909.965 ; gain = 699.824
Finished applying 'set_property' XDC Constraints : Time (s): cpu = 00:01:10 ; elapsed = 00:02:25 . Memory (MB): peak = 909.965 ; gain = 699.824
Finished RTL Optimization Phase 2 : Time (s): cpu = 00:01:13 ; elapsed = 00:02:28 . Memory (MB): peak = 909.965 ; gain = 699.824
Finished Cross Boundary and Area Optimization : Time (s): cpu = 00:01:25 ; elapsed = 00:02:42 . Memory (MB): peak = 909.965 ; gain = 699.824
Finished Applying XDC Timing Constraints : Time (s): cpu = 00:01:40 ; elapsed = 00:02:58 . Memory (MB): peak = 909.965 ; gain = 699.824
Finished Timing Optimization : Time (s): cpu = 00:01:44 ; elapsed = 00:03:03 . Memory (MB): peak = 909.965 ; gain = 699.824
Finished Technology Mapping : Time (s): cpu = 00:01:49 ; elapsed = 00:03:08 . Memory (MB): peak = 909.965 ; gain = 699.824
Finished IO Insertion : Time (s): cpu = 00:01:50 ; elapsed = 00:03:10 . Memory (MB): peak = 909.965 ; gain = 699.824
Finished Renaming Generated Instances : Time (s): cpu = 00:01:50 ; elapsed = 00:03:10 . Memory (MB): peak = 909.965 ; gain = 699.824
Finished Rebuilding User Hierarchy : Time (s): cpu = 00:01:51 ; elapsed = 00:03:11 . Memory (MB): peak = 909.965 ; gain = 699.824
Finished Renaming Generated Ports : Time (s): cpu = 00:01:51 ; elapsed = 00:03:12 . Memory (MB): peak = 909.965 ; gain = 699.824
Finished Handling Custom Attributes : Time (s): cpu = 00:01:52 ; elapsed = 00:03:13 . Memory (MB): peak = 909.965 ; gain = 699.824
Finished Renaming Generated Nets : Time (s): cpu = 00:01:52 ; elapsed = 00:03:13 . Memory (MB): peak = 909.965 ; gain = 699.824

Report Cell Usage: 
+------+--------+------+
|      |Cell    |Count |
+------+--------+------+
|1     |LUT1    |     8|
|2     |LUT2    |  2092|
|3     |LUT3    |   573|
|4     |LUT4    |    68|
|5     |LUT5    |   130|
|6     |LUT6    |   760|
|7     |SRLC32E |     9|
|8     |FDRE    |  1325|
|9     |FDSE    |    19|
+------+--------+------+
Finished Writing Synthesis Report : Time (s): cpu = 00:01:52 ; elapsed = 00:03:13 . Memory (MB): peak = 909.965 ; gain = 699.824
synth_design: Time (s): cpu = 00:01:52 ; elapsed = 00:03:07 . Memory (MB): peak = 909.965 ; gain = 636.707
