16:50:30 INFO  : Registering command handlers for SDK TCF services
16:50:31 INFO  : Launching XSCT server: xsct.bat -interactive C:\Users\Berk\Desktop\FPGA\UMRAM\Ethernet\Ethernet.sdk\temp_xsdb_launch_script.tcl
16:50:34 INFO  : XSCT server has started successfully.
16:50:34 INFO  : Successfully done setting XSCT server connection channel  
16:50:34 INFO  : Successfully done setting SDK workspace  
16:50:34 INFO  : Processing command line option -hwspec C:/Users/Berk/Desktop/FPGA/UMRAM/Ethernet/Ethernet.sdk/design_1_wrapper.hdf.
17:36:24 INFO  : Registering command handlers for SDK TCF services
17:36:25 INFO  : Launching XSCT server: xsct.bat -interactive C:\Users\Berk\Desktop\FPGA\UMRAM\Ethernet\Ethernet.sdk\temp_xsdb_launch_script.tcl
17:36:28 INFO  : XSCT server has started successfully.
17:36:28 INFO  : Successfully done setting XSCT server connection channel  
17:36:28 INFO  : Processing command line option -hwspec C:/Users/Berk/Desktop/FPGA/UMRAM/Ethernet/Ethernet.sdk/design_1_wrapper.hdf.
17:36:28 INFO  : Checking for hwspec changes in the project design_1_wrapper_hw_platform_0.
17:36:31 INFO  : Successfully done setting SDK workspace  
17:37:01 INFO  : 'targets -set -filter {jtag_cable_name =~ "Platform Cable USB 00000000000000" && level==0} -index 0' command is executed.
17:37:01 INFO  : 'fpga -state' command is executed.
17:37:01 INFO  : Connected to target on host '127.0.0.1' and port '3121'.
17:37:01 WARN  : SDK version '2018.2' doesn't match hw_server version '2016.4'. Some debug features may not work.
17:37:09 INFO  : Jtag cable 'Platform Cable USB 00000000000000' is selected.
17:37:09 INFO  : 'jtag frequency' command is executed.
17:37:09 INFO  : 'configparams mdm-detect-bscan-mask 2' command is executed.
17:37:09 INFO  : Context for processor 'microblaze_0' is selected.
17:37:09 INFO  : Processor reset is completed for 'microblaze_0'.
17:37:09 INFO  : Context for processor 'microblaze_0' is selected.
17:37:12 INFO  : The application 'C:/Users/Berk/Desktop/FPGA/UMRAM/Ethernet/Ethernet.sdk/robust/Debug/robust.elf' is downloaded to processor 'microblaze_0'.
17:37:12 INFO  : ----------------XSDB Script----------------
connect -url tcp:127.0.0.1:3121
configparams mdm-detect-bscan-mask 2
targets -set -nocase -filter {name =~ "microblaze*#0" && bscan=="USER2"  && jtag_cable_name =~ "Platform Cable USB 00000000000000"} -index 0
rst -processor
targets -set -nocase -filter {name =~ "microblaze*#0" && bscan=="USER2"  && jtag_cable_name =~ "Platform Cable USB 00000000000000"} -index 0
dow C:/Users/Berk/Desktop/FPGA/UMRAM/Ethernet/Ethernet.sdk/robust/Debug/robust.elf
----------------End of Script----------------

17:37:12 INFO  : Memory regions updated for context MicroBlaze #0
17:37:12 INFO  : Memory regions updated for context MicroBlaze #0
17:37:13 INFO  : Context for processor 'microblaze_0' is selected.
17:37:13 INFO  : 'con' command is executed.
17:37:13 INFO  : ----------------XSDB Script (After Launch)----------------
targets -set -nocase -filter {name =~ "microblaze*#0" && bscan=="USER2"  && jtag_cable_name =~ "Platform Cable USB 00000000000000"} -index 0
con
----------------End of Script----------------

17:37:13 INFO  : Launch script is exported to file 'C:\Users\Berk\Desktop\FPGA\UMRAM\Ethernet\Ethernet.sdk\.sdk\launch_scripts\xilinx_c-c++_application_(system_debugger)\system_debugger_using_debug_robust.elf_on_local.tcl'
17:38:21 INFO  : Disconnected from the channel tcfchan#1.
17:38:22 INFO  : 'targets -set -filter {jtag_cable_name =~ "Platform Cable USB 00000000000000" && level==0} -index 0' command is executed.
17:38:22 INFO  : 'fpga -state' command is executed.
17:38:22 INFO  : Connected to target on host '127.0.0.1' and port '3121'.
17:38:22 WARN  : SDK version '2018.2' doesn't match hw_server version '2016.4'. Some debug features may not work.
17:38:25 INFO  : Jtag cable 'Platform Cable USB 00000000000000' is selected.
17:38:25 INFO  : 'jtag frequency' command is executed.
17:38:25 INFO  : 'configparams mdm-detect-bscan-mask 2' command is executed.
17:38:25 INFO  : Context for processor 'microblaze_0' is selected.
17:38:25 INFO  : Processor reset is completed for 'microblaze_0'.
17:38:25 INFO  : Context for processor 'microblaze_0' is selected.
17:38:29 INFO  : The application 'C:/Users/Berk/Desktop/FPGA/UMRAM/Ethernet/Ethernet.sdk/robust/Debug/robust.elf' is downloaded to processor 'microblaze_0'.
17:38:29 INFO  : ----------------XSDB Script----------------
connect -url tcp:127.0.0.1:3121
configparams mdm-detect-bscan-mask 2
targets -set -nocase -filter {name =~ "microblaze*#0" && bscan=="USER2"  && jtag_cable_name =~ "Platform Cable USB 00000000000000"} -index 0
rst -processor
targets -set -nocase -filter {name =~ "microblaze*#0" && bscan=="USER2"  && jtag_cable_name =~ "Platform Cable USB 00000000000000"} -index 0
dow C:/Users/Berk/Desktop/FPGA/UMRAM/Ethernet/Ethernet.sdk/robust/Debug/robust.elf
----------------End of Script----------------

17:38:29 INFO  : Memory regions updated for context MicroBlaze #0
17:38:29 INFO  : Memory regions updated for context MicroBlaze #0
17:38:29 INFO  : Context for processor 'microblaze_0' is selected.
17:38:29 INFO  : 'con' command is executed.
17:38:29 INFO  : ----------------XSDB Script (After Launch)----------------
targets -set -nocase -filter {name =~ "microblaze*#0" && bscan=="USER2"  && jtag_cable_name =~ "Platform Cable USB 00000000000000"} -index 0
con
----------------End of Script----------------

17:38:29 INFO  : Launch script is exported to file 'C:\Users\Berk\Desktop\FPGA\UMRAM\Ethernet\Ethernet.sdk\.sdk\launch_scripts\xilinx_c-c++_application_(system_debugger)\system_debugger_using_debug_robust.elf_on_local.tcl'
17:44:03 INFO  : Disconnected from the channel tcfchan#2.
17:44:04 INFO  : 'targets -set -filter {jtag_cable_name =~ "Platform Cable USB 00000000000000" && level==0} -index 0' command is executed.
17:44:04 INFO  : 'fpga -state' command is executed.
17:44:04 INFO  : Connected to target on host '127.0.0.1' and port '3121'.
17:44:04 WARN  : SDK version '2018.2' doesn't match hw_server version '2016.4'. Some debug features may not work.
17:44:06 INFO  : Jtag cable 'Platform Cable USB 00000000000000' is selected.
17:44:06 INFO  : 'jtag frequency' command is executed.
17:44:06 INFO  : 'configparams mdm-detect-bscan-mask 2' command is executed.
17:44:06 INFO  : Context for processor 'microblaze_0' is selected.
17:44:06 INFO  : Processor reset is completed for 'microblaze_0'.
17:44:06 INFO  : Context for processor 'microblaze_0' is selected.
17:44:10 INFO  : The application 'C:/Users/Berk/Desktop/FPGA/UMRAM/Ethernet/Ethernet.sdk/robust/Debug/robust.elf' is downloaded to processor 'microblaze_0'.
17:44:10 INFO  : ----------------XSDB Script----------------
connect -url tcp:127.0.0.1:3121
configparams mdm-detect-bscan-mask 2
targets -set -nocase -filter {name =~ "microblaze*#0" && bscan=="USER2"  && jtag_cable_name =~ "Platform Cable USB 00000000000000"} -index 0
rst -processor
targets -set -nocase -filter {name =~ "microblaze*#0" && bscan=="USER2"  && jtag_cable_name =~ "Platform Cable USB 00000000000000"} -index 0
dow C:/Users/Berk/Desktop/FPGA/UMRAM/Ethernet/Ethernet.sdk/robust/Debug/robust.elf
----------------End of Script----------------

17:44:10 INFO  : Memory regions updated for context MicroBlaze #0
17:44:10 INFO  : Memory regions updated for context MicroBlaze #0
17:44:10 INFO  : Context for processor 'microblaze_0' is selected.
17:44:10 INFO  : 'con' command is executed.
17:44:10 INFO  : ----------------XSDB Script (After Launch)----------------
targets -set -nocase -filter {name =~ "microblaze*#0" && bscan=="USER2"  && jtag_cable_name =~ "Platform Cable USB 00000000000000"} -index 0
con
----------------End of Script----------------

17:44:10 INFO  : Launch script is exported to file 'C:\Users\Berk\Desktop\FPGA\UMRAM\Ethernet\Ethernet.sdk\.sdk\launch_scripts\xilinx_c-c++_application_(system_debugger)\system_debugger_using_debug_robust.elf_on_local.tcl'
17:44:56 INFO  : Disconnected from the channel tcfchan#3.
17:44:57 INFO  : 'targets -set -filter {jtag_cable_name =~ "Platform Cable USB 00000000000000" && level==0} -index 0' command is executed.
17:44:57 INFO  : 'fpga -state' command is executed.
17:44:57 INFO  : Connected to target on host '127.0.0.1' and port '3121'.
17:44:57 WARN  : SDK version '2018.2' doesn't match hw_server version '2016.4'. Some debug features may not work.
17:44:58 INFO  : Jtag cable 'Platform Cable USB 00000000000000' is selected.
17:44:59 INFO  : 'jtag frequency' command is executed.
17:44:59 INFO  : 'configparams mdm-detect-bscan-mask 2' command is executed.
17:44:59 INFO  : Context for processor 'microblaze_0' is selected.
17:44:59 INFO  : Processor reset is completed for 'microblaze_0'.
17:44:59 INFO  : Context for processor 'microblaze_0' is selected.
17:45:02 INFO  : The application 'C:/Users/Berk/Desktop/FPGA/UMRAM/Ethernet/Ethernet.sdk/robust/Debug/robust.elf' is downloaded to processor 'microblaze_0'.
17:45:02 INFO  : ----------------XSDB Script----------------
connect -url tcp:127.0.0.1:3121
configparams mdm-detect-bscan-mask 2
targets -set -nocase -filter {name =~ "microblaze*#0" && bscan=="USER2"  && jtag_cable_name =~ "Platform Cable USB 00000000000000"} -index 0
rst -processor
targets -set -nocase -filter {name =~ "microblaze*#0" && bscan=="USER2"  && jtag_cable_name =~ "Platform Cable USB 00000000000000"} -index 0
dow C:/Users/Berk/Desktop/FPGA/UMRAM/Ethernet/Ethernet.sdk/robust/Debug/robust.elf
----------------End of Script----------------

17:45:02 INFO  : Memory regions updated for context MicroBlaze #0
17:45:02 INFO  : Memory regions updated for context MicroBlaze #0
17:45:02 INFO  : Context for processor 'microblaze_0' is selected.
17:45:02 INFO  : 'con' command is executed.
17:45:02 INFO  : ----------------XSDB Script (After Launch)----------------
targets -set -nocase -filter {name =~ "microblaze*#0" && bscan=="USER2"  && jtag_cable_name =~ "Platform Cable USB 00000000000000"} -index 0
con
----------------End of Script----------------

17:45:02 INFO  : Launch script is exported to file 'C:\Users\Berk\Desktop\FPGA\UMRAM\Ethernet\Ethernet.sdk\.sdk\launch_scripts\xilinx_c-c++_application_(system_debugger)\system_debugger_using_debug_robust.elf_on_local.tcl'
17:51:21 INFO  : Registering command handlers for SDK TCF services
17:51:22 INFO  : Launching XSCT server: xsct.bat -interactive C:\Users\Berk\Desktop\FPGA\UMRAM\Ethernet\Ethernet.sdk\temp_xsdb_launch_script.tcl
17:51:25 INFO  : XSCT server has started successfully.
17:51:25 INFO  : Successfully done setting XSCT server connection channel  
17:51:26 INFO  : Successfully done setting SDK workspace  
17:51:26 INFO  : Processing command line option -hwspec C:/Users/Berk/Desktop/FPGA/UMRAM/Ethernet/Ethernet.sdk/design_1_wrapper.hdf.
17:51:26 INFO  : Checking for hwspec changes in the project design_1_wrapper_hw_platform_0.
11:55:52 INFO  : Registering command handlers for SDK TCF services
11:55:52 INFO  : Launching XSCT server: xsct.bat -interactive C:\Users\Berk\Desktop\FPGA\UMRAM\Ethernet\Ethernet.sdk\temp_xsdb_launch_script.tcl
11:55:55 INFO  : XSCT server has started successfully.
11:55:55 INFO  : Successfully done setting XSCT server connection channel  
11:55:59 INFO  : Successfully done setting SDK workspace  
11:55:59 INFO  : Processing command line option -hwspec C:/Users/Berk/Desktop/FPGA/UMRAM/Ethernet/Ethernet.sdk/design_1_wrapper.hdf.
11:55:59 INFO  : Checking for hwspec changes in the project design_1_wrapper_hw_platform_0.
11:56:12 ERROR : (XSDB Server)ERROR: [Hsi 55-1594] Core cpu of version 2.7 not found in repositories

11:56:12 ERROR : (XSDB Server)ERROR: [Hsi 55-1594] Core axiethernet of version 5.7 not found in repositories
ERROR: [Hsi 55-1594] Core axidma of version 9.7 not found in repositories
ERROR: [Hsi 55-1594] Core tmrctr of version 4.4 not found in repositories
ERROR: [Hsi 55-1594] Core intc of version 3.7 not found in repositories
ERROR: [Hsi 55-1594] Core bram of version 4.2 not found in repositories
ERROR: [Hsi 55-1594] Core bram of version 4.2 not found in repositories
ERROR: [Hsi 55-1594] Core mig_7series of version 2.1 not found in repositories
ERROR: [Hsi 55-1594] Core standalone of version 6.7 not found in repositories
ERROR: [Hsi 55-1594] Core lwip202 of version 1.1 not found in repositories

11:56:12 ERROR : (XSDB Server)ERROR: [Hsi 55-1452] Error: running open_sw_design.

11:56:12 ERROR :  [Common 17-39] 'hsi::open_sw_design' failed due to earlier errors.
11:56:12 ERROR : (XSDB Server)ERROR: [Hsi 55-1594] Core cpu of version 2.7 not found in repositories

11:56:12 ERROR : (XSDB Server)ERROR: [Hsi 55-1594] Core axiethernet of version 5.7 not found in repositories
ERROR: [Hsi 55-1594] Core axidma of version 9.7 not found in repositories

11:56:12 ERROR : (XSDB Server)ERROR: [Hsi 55-1594] Core tmrctr of version 4.4 not found in repositories

11:56:12 ERROR : (XSDB Server)ERROR: [Hsi 55-1594] Core intc of version 3.7 not found in repositories
ERROR: [Hsi 55-1594] Core bram of version 4.2 not found in repositories

11:56:12 ERROR : (XSDB Server)ERROR: [Hsi 55-1594] Core bram of version 4.2 not found in repositories

11:56:12 ERROR : (XSDB Server)ERROR: [Hsi 55-1594] Core mig_7series of version 2.1 not found in repositories

11:56:12 ERROR : (XSDB Server)ERROR: [Hsi 55-1594] Core standalone of version 6.7 not found in repositories

11:56:12 ERROR : (XSDB Server)ERROR: [Hsi 55-1594] Core lwip202 of version 1.1 not found in repositories

11:56:12 ERROR : (XSDB Server)ERROR: [Hsi 55-1452] Error: running open_sw_design.

11:56:12 INFO  : Unable to read in MSS file C:\Users\Berk\Desktop\FPGA\UMRAM\Ethernet\Ethernet.sdk\robust_bsp\system.mss : null
11:56:12 ERROR : (XSDB Server)ERROR: [Hsi 55-1594] Core cpu of version 2.7 not found in repositories

11:56:12 ERROR : (XSDB Server)ERROR: [Hsi 55-1594] Core axiethernet of version 5.7 not found in repositories
ERROR: [Hsi 55-1594] Core axidma of version 9.7 not found in repositories

11:56:12 ERROR : (XSDB Server)ERROR: [Hsi 55-1594] Core tmrctr of version 4.4 not found in repositories

11:56:12 ERROR : (XSDB Server)ERROR: [Hsi 55-1594] Core intc of version 3.7 not found in repositories
ERROR: [Hsi 55-1594] Core bram of version 4.2 not found in repositories
ERROR: [Hsi 55-1594] Core bram of version 4.2 not found in repositories

11:56:12 ERROR : (XSDB Server)ERROR: [Hsi 55-1594] Core mig_7series of version 2.1 not found in repositories
ERROR: [Hsi 55-1594] Core standalone of version 6.7 not found in repositories

11:56:12 ERROR : (XSDB Server)ERROR: [Hsi 55-1594] Core lwip202 of version 1.1 not found in repositories
ERROR: [Hsi 55-1452] Error: running open_sw_design.

11:56:12 ERROR : (XSDB Server)ERROR: [Hsi 55-1594] Core cpu of version 2.7 not found in repositories

11:56:12 ERROR : (XSDB Server)ERROR: [Hsi 55-1594] Core axiethernet of version 5.7 not found in repositories
ERROR: [Hsi 55-1594] Core axidma of version 9.7 not found in repositories

11:56:12 ERROR : (XSDB Server)ERROR: [Hsi 55-1594] Core tmrctr of version 4.4 not found in repositories

11:56:12 ERROR : (XSDB Server)ERROR: [Hsi 55-1594] Core intc of version 3.7 not found in repositories

11:56:12 ERROR : (XSDB Server)ERROR: [Hsi 55-1594] Core bram of version 4.2 not found in repositories

11:56:12 ERROR : (XSDB Server)ERROR: [Hsi 55-1594] Core bram of version 4.2 not found in repositories

11:56:12 ERROR : (XSDB Server)ERROR: [Hsi 55-1594] Core mig_7series of version 2.1 not found in repositories
ERROR: [Hsi 55-1594] Core standalone of version 6.7 not found in repositories

11:56:12 ERROR : (XSDB Server)ERROR: [Hsi 55-1594] Core lwip202 of version 1.1 not found in repositories
ERROR: [Hsi 55-1452] Error: running open_sw_design.

11:56:12 ERROR :  [Common 17-39] 'hsi::open_sw_design' failed due to earlier errors.
11:56:12 ERROR : (XSDB Server)ERROR: [Hsi 55-1594] Core cpu of version 2.7 not found in repositories

11:56:12 ERROR : (XSDB Server)ERROR: [Hsi 55-1594] Core axiethernet of version 5.7 not found in repositories
ERROR: [Hsi 55-1594] Core axidma of version 9.7 not found in repositories
ERROR: [Hsi 55-1594] Core tmrctr of version 4.4 not found in repositories

11:56:12 ERROR : (XSDB Server)ERROR: [Hsi 55-1594] Core intc of version 3.7 not found in repositories
ERROR: [Hsi 55-1594] Core bram of version 4.2 not found in repositories
ERROR: [Hsi 55-1594] Core bram of version 4.2 not found in repositories

11:56:12 ERROR : (XSDB Server)ERROR: [Hsi 55-1594] Core mig_7series of version 2.1 not found in repositories

11:56:12 ERROR : (XSDB Server)ERROR: [Hsi 55-1594] Core standalone of version 6.7 not found in repositories

11:56:12 ERROR : (XSDB Server)ERROR: [Hsi 55-1594] Core lwip202 of version 1.1 not found in repositories
ERROR: [Hsi 55-1452] Error: running open_sw_design.

11:56:12 INFO  : Unable to read in MSS file C:\Users\Berk\Desktop\FPGA\UMRAM\Ethernet\Ethernet.sdk\robust_bsp\system.mss : null
11:56:12 ERROR : (XSDB Server)ERROR: [Hsi 55-1594] Core cpu of version 2.7 not found in repositories

11:56:12 ERROR : (XSDB Server)ERROR: [Hsi 55-1594] Core axiethernet of version 5.7 not found in repositories
ERROR: [Hsi 55-1594] Core axidma of version 9.7 not found in repositories
ERROR: [Hsi 55-1594] Core tmrctr of version 4.4 not found in repositories
ERROR: [Hsi 55-1594] Core intc of version 3.7 not found in repositories

11:56:12 ERROR : (XSDB Server)ERROR: [Hsi 55-1594] Core bram of version 4.2 not found in repositories
ERROR: [Hsi 55-1594] Core bram of version 4.2 not found in repositories
ERROR: [Hsi 55-1594] Core mig_7series of version 2.1 not found in repositories
ERROR: [Hsi 55-1594] Core standalone of version 6.7 not found in repositories

11:56:12 ERROR : (XSDB Server)ERROR: [Hsi 55-1594] Core lwip202 of version 1.1 not found in repositories
ERROR: [Hsi 55-1452] Error: running open_sw_design.

11:57:52 ERROR : (XSDB Server)ERROR: [Hsi 55-1594] Core cpu of version 2.7 not found in repositories

11:57:53 ERROR : (XSDB Server)ERROR: [Hsi 55-1594] Core axiethernet of version 5.7 not found in repositories
ERROR: [Hsi 55-1594] Core axidma of version 9.7 not found in repositories
ERROR: [Hsi 55-1594] Core tmrctr of version 4.4 not found in repositories
ERROR: [Hsi 55-1594] Core intc of version 3.7 not found in repositories
ERROR: [Hsi 55-1594] Core bram of version 4.2 not found in repositories
ERROR: [Hsi 55-1594] Core bram of version 4.2 not found in repositories
ERROR: [Hsi 55-1594] Core mig_7series of version 2.1 not found in repositories
ERROR: [Hsi 55-1594] Core standalone of version 6.7 not found in repositories
ERROR: [Hsi 55-1594] Core lwip202 of version 1.1 not found in repositories
ERROR: [Hsi 55-1452] Error: running open_sw_design.

11:57:53 ERROR :  [Common 17-39] 'hsi::open_sw_design' failed due to earlier errors.
11:57:53 ERROR : (XSDB Server)ERROR: [Hsi 55-1594] Core cpu of version 2.7 not found in repositories

11:57:53 ERROR : (XSDB Server)ERROR: [Hsi 55-1594] Core axiethernet of version 5.7 not found in repositories
ERROR: [Hsi 55-1594] Core axidma of version 9.7 not found in repositories
ERROR: [Hsi 55-1594] Core tmrctr of version 4.4 not found in repositories
ERROR: [Hsi 55-1594] Core intc of version 3.7 not found in repositories

11:57:53 ERROR : (XSDB Server)ERROR: [Hsi 55-1594] Core bram of version 4.2 not found in repositories

11:57:53 ERROR : (XSDB Server)ERROR: [Hsi 55-1594] Core bram of version 4.2 not found in repositories

11:57:53 ERROR : (XSDB Server)ERROR: [Hsi 55-1594] Core mig_7series of version 2.1 not found in repositories

11:57:53 ERROR : (XSDB Server)ERROR: [Hsi 55-1594] Core standalone of version 6.7 not found in repositories

11:57:53 ERROR : (XSDB Server)ERROR: [Hsi 55-1594] Core lwip202 of version 1.1 not found in repositories

11:57:53 ERROR : (XSDB Server)ERROR: [Hsi 55-1452] Error: running open_sw_design.

11:57:53 INFO  : Unable to read in MSS file C:\Users\Berk\Desktop\FPGA\UMRAM\Ethernet\Ethernet.sdk\robust_bsp\system.mss : null
11:57:53 ERROR : Failed to closesw "C:/Users/Berk/Desktop/FPGA/UMRAM/Ethernet/Ethernet.sdk/robust_bsp/system.mss"
Reason: Cannot close sw design 'C:/Users/Berk/Desktop/FPGA/UMRAM/Ethernet/Ethernet.sdk/robust_bsp/system.mss'.
Design is not opened in the current session.


11:59:20 INFO  : 'targets -set -filter {jtag_cable_name =~ "Platform Cable USB 00000000000000" && level==0} -index 0' command is executed.
11:59:20 INFO  : 'fpga -state' command is executed.
11:59:29 INFO  : 'targets -set -filter {jtag_cable_name =~ "Platform Cable USB 00000000000000" && level==0} -index 0' command is executed.
11:59:29 INFO  : 'fpga -state' command is executed.
11:59:31 INFO  : Connected to target on host '127.0.0.1' and port '3121'.
11:59:32 INFO  : Jtag cable 'Platform Cable USB 00000000000000' is selected.
11:59:32 INFO  : 'jtag frequency' command is executed.
11:59:35 ERROR : no targets found with "name =~ "microblaze*#0" && bscan=="USER2"  && jtag_cable_name =~ "Platform Cable USB 00000000000000"". available targets:
  1* xc7vx485t
11:59:35 INFO  : ----------------XSDB Script----------------
connect -url tcp:127.0.0.1:3121
targets -set -nocase -filter {name =~ "microblaze*#0" && bscan=="USER2"  && jtag_cable_name =~ "Platform Cable USB 00000000000000"} -index 0
----------------End of Script----------------

11:59:48 INFO  : 'targets -set -filter {jtag_cable_name =~ "Platform Cable USB 00000000000000" && level==0} -index 0' command is executed.
11:59:48 INFO  : 'fpga -state' command is executed.
11:59:50 INFO  : Connected to target on host '127.0.0.1' and port '3121'.
11:59:51 INFO  : Jtag cable 'Platform Cable USB 00000000000000' is selected.
11:59:51 INFO  : 'jtag frequency' command is executed.
11:59:54 ERROR : no targets found with "name =~ "microblaze*#0" && bscan=="USER2"  && jtag_cable_name =~ "Platform Cable USB 00000000000000"". available targets:
  1* xc7vx485t
11:59:54 INFO  : ----------------XSDB Script----------------
connect -url tcp:127.0.0.1:3121
targets -set -nocase -filter {name =~ "microblaze*#0" && bscan=="USER2"  && jtag_cable_name =~ "Platform Cable USB 00000000000000"} -index 0
----------------End of Script----------------

12:00:55 INFO  : 'targets -set -filter {jtag_cable_name =~ "Platform Cable USB 00000000000000" && level==0} -index 0' command is executed.
12:00:55 INFO  : 'fpga -state' command is executed.
12:00:55 INFO  : Connected to target on host '127.0.0.1' and port '3121'.
12:00:55 INFO  : Jtag cable 'Platform Cable USB 00000000000000' is selected.
12:00:55 INFO  : 'jtag frequency' command is executed.
12:00:55 INFO  : Context for processor 'microblaze_0' is selected.
12:00:55 INFO  : Hardware design information is loaded from 'C:/Users/Berk/Desktop/FPGA/UMRAM/Ethernet/Ethernet.sdk/design_1_wrapper_hw_platform_0/system.hdf'.
12:00:55 INFO  : Context for processor 'microblaze_0' is selected.
12:00:55 INFO  : Processor reset is completed for 'microblaze_0'.
12:00:55 INFO  : Context for processor 'microblaze_0' is selected.
12:00:59 INFO  : The application 'C:/Users/Berk/Desktop/FPGA/UMRAM/Ethernet/Ethernet.sdk/robust/Debug/robust.elf' is downloaded to processor 'microblaze_0'.
12:00:59 INFO  : ----------------XSDB Script----------------
connect -url tcp:127.0.0.1:3121
targets -set -nocase -filter {name =~ "microblaze*#0" && bscan=="USER2"  && jtag_cable_name =~ "Platform Cable USB 00000000000000"} -index 0
loadhw C:/Users/Berk/Desktop/FPGA/UMRAM/Ethernet/Ethernet.sdk/design_1_wrapper_hw_platform_0/system.hdf
targets -set -nocase -filter {name =~ "microblaze*#0" && bscan=="USER2"  && jtag_cable_name =~ "Platform Cable USB 00000000000000"} -index 0
rst -processor
targets -set -nocase -filter {name =~ "microblaze*#0" && bscan=="USER2"  && jtag_cable_name =~ "Platform Cable USB 00000000000000"} -index 0
dow C:/Users/Berk/Desktop/FPGA/UMRAM/Ethernet/Ethernet.sdk/robust/Debug/robust.elf
----------------End of Script----------------

12:00:59 INFO  : Memory regions updated for context MicroBlaze #0
12:00:59 INFO  : Memory regions updated for context MicroBlaze #0
12:00:59 INFO  : Context for processor 'microblaze_0' is selected.
12:00:59 INFO  : 'con' command is executed.
12:00:59 INFO  : ----------------XSDB Script (After Launch)----------------
targets -set -nocase -filter {name =~ "microblaze*#0" && bscan=="USER2"  && jtag_cable_name =~ "Platform Cable USB 00000000000000"} -index 0
con
----------------End of Script----------------

12:00:59 INFO  : Launch script is exported to file 'C:\Users\Berk\Desktop\FPGA\UMRAM\Ethernet\Ethernet.sdk\.sdk\launch_scripts\xilinx_c-c++_application_(system_debugger)\system_debugger_using_debug_robust.elf_on_local.tcl'
12:01:12 INFO  : Disconnected from the channel tcfchan#1.
12:01:13 INFO  : 'targets -set -filter {jtag_cable_name =~ "Platform Cable USB 00000000000000" && level==0} -index 0' command is executed.
12:01:14 INFO  : 'fpga -state' command is executed.
12:01:14 INFO  : Connected to target on host '127.0.0.1' and port '3121'.
12:01:14 INFO  : Jtag cable 'Platform Cable USB 00000000000000' is selected.
12:01:14 INFO  : 'jtag frequency' command is executed.
12:01:14 INFO  : Context for processor 'microblaze_0' is selected.
12:01:14 INFO  : Hardware design information is loaded from 'C:/Users/Berk/Desktop/FPGA/UMRAM/Ethernet/Ethernet.sdk/design_1_wrapper_hw_platform_0/system.hdf'.
12:01:14 INFO  : Context for processor 'microblaze_0' is selected.
12:01:14 INFO  : Processor reset is completed for 'microblaze_0'.
12:01:14 INFO  : Context for processor 'microblaze_0' is selected.
12:01:18 INFO  : The application 'C:/Users/Berk/Desktop/FPGA/UMRAM/Ethernet/Ethernet.sdk/robust/Debug/robust.elf' is downloaded to processor 'microblaze_0'.
12:01:18 INFO  : ----------------XSDB Script----------------
connect -url tcp:127.0.0.1:3121
targets -set -nocase -filter {name =~ "microblaze*#0" && bscan=="USER2"  && jtag_cable_name =~ "Platform Cable USB 00000000000000"} -index 0
loadhw C:/Users/Berk/Desktop/FPGA/UMRAM/Ethernet/Ethernet.sdk/design_1_wrapper_hw_platform_0/system.hdf
targets -set -nocase -filter {name =~ "microblaze*#0" && bscan=="USER2"  && jtag_cable_name =~ "Platform Cable USB 00000000000000"} -index 0
rst -processor
targets -set -nocase -filter {name =~ "microblaze*#0" && bscan=="USER2"  && jtag_cable_name =~ "Platform Cable USB 00000000000000"} -index 0
dow C:/Users/Berk/Desktop/FPGA/UMRAM/Ethernet/Ethernet.sdk/robust/Debug/robust.elf
----------------End of Script----------------

12:01:18 INFO  : Memory regions updated for context MicroBlaze #0
12:01:18 INFO  : Memory regions updated for context MicroBlaze #0
12:01:18 INFO  : Context for processor 'microblaze_0' is selected.
12:01:18 INFO  : 'con' command is executed.
12:01:18 INFO  : ----------------XSDB Script (After Launch)----------------
targets -set -nocase -filter {name =~ "microblaze*#0" && bscan=="USER2"  && jtag_cable_name =~ "Platform Cable USB 00000000000000"} -index 0
con
----------------End of Script----------------

12:01:18 INFO  : Launch script is exported to file 'C:\Users\Berk\Desktop\FPGA\UMRAM\Ethernet\Ethernet.sdk\.sdk\launch_scripts\xilinx_c-c++_application_(system_debugger)\system_debugger_using_debug_robust.elf_on_local.tcl'
12:02:23 INFO  : Disconnected from the channel tcfchan#2.
12:02:24 INFO  : 'targets -set -filter {jtag_cable_name =~ "Platform Cable USB 00000000000000" && level==0} -index 0' command is executed.
12:02:24 INFO  : 'fpga -state' command is executed.
12:02:24 INFO  : Connected to target on host '127.0.0.1' and port '3121'.
12:02:24 INFO  : Jtag cable 'Platform Cable USB 00000000000000' is selected.
12:02:24 INFO  : 'jtag frequency' command is executed.
12:02:24 INFO  : Context for processor 'microblaze_0' is selected.
12:02:25 INFO  : Hardware design information is loaded from 'C:/Users/Berk/Desktop/FPGA/UMRAM/Ethernet/Ethernet.sdk/design_1_wrapper_hw_platform_0/system.hdf'.
12:02:25 INFO  : Context for processor 'microblaze_0' is selected.
12:02:25 INFO  : Processor reset is completed for 'microblaze_0'.
12:02:25 INFO  : Context for processor 'microblaze_0' is selected.
12:02:29 INFO  : The application 'C:/Users/Berk/Desktop/FPGA/UMRAM/Ethernet/Ethernet.sdk/robust/Debug/robust.elf' is downloaded to processor 'microblaze_0'.
12:02:29 INFO  : ----------------XSDB Script----------------
connect -url tcp:127.0.0.1:3121
targets -set -nocase -filter {name =~ "microblaze*#0" && bscan=="USER2"  && jtag_cable_name =~ "Platform Cable USB 00000000000000"} -index 0
loadhw C:/Users/Berk/Desktop/FPGA/UMRAM/Ethernet/Ethernet.sdk/design_1_wrapper_hw_platform_0/system.hdf
targets -set -nocase -filter {name =~ "microblaze*#0" && bscan=="USER2"  && jtag_cable_name =~ "Platform Cable USB 00000000000000"} -index 0
rst -processor
targets -set -nocase -filter {name =~ "microblaze*#0" && bscan=="USER2"  && jtag_cable_name =~ "Platform Cable USB 00000000000000"} -index 0
dow C:/Users/Berk/Desktop/FPGA/UMRAM/Ethernet/Ethernet.sdk/robust/Debug/robust.elf
----------------End of Script----------------

12:02:29 INFO  : Memory regions updated for context MicroBlaze #0
12:02:29 INFO  : Memory regions updated for context MicroBlaze #0
12:02:29 INFO  : Context for processor 'microblaze_0' is selected.
12:02:29 INFO  : 'con' command is executed.
12:02:29 INFO  : ----------------XSDB Script (After Launch)----------------
targets -set -nocase -filter {name =~ "microblaze*#0" && bscan=="USER2"  && jtag_cable_name =~ "Platform Cable USB 00000000000000"} -index 0
con
----------------End of Script----------------

12:02:29 INFO  : Launch script is exported to file 'C:\Users\Berk\Desktop\FPGA\UMRAM\Ethernet\Ethernet.sdk\.sdk\launch_scripts\xilinx_c-c++_application_(system_debugger)\system_debugger_using_debug_robust.elf_on_local.tcl'
12:02:58 INFO  : Disconnected from the channel tcfchan#3.
12:02:59 INFO  : 'targets -set -filter {jtag_cable_name =~ "Platform Cable USB 00000000000000" && level==0} -index 0' command is executed.
12:02:59 INFO  : 'fpga -state' command is executed.
12:02:59 INFO  : Connected to target on host '127.0.0.1' and port '3121'.
12:02:59 INFO  : Jtag cable 'Platform Cable USB 00000000000000' is selected.
12:02:59 INFO  : 'jtag frequency' command is executed.
12:02:59 INFO  : Context for processor 'microblaze_0' is selected.
12:02:59 INFO  : Hardware design information is loaded from 'C:/Users/Berk/Desktop/FPGA/UMRAM/Ethernet/Ethernet.sdk/design_1_wrapper_hw_platform_0/system.hdf'.
12:02:59 INFO  : Context for processor 'microblaze_0' is selected.
12:02:59 INFO  : Processor reset is completed for 'microblaze_0'.
12:03:00 INFO  : Context for processor 'microblaze_0' is selected.
12:03:03 INFO  : The application 'C:/Users/Berk/Desktop/FPGA/UMRAM/Ethernet/Ethernet.sdk/robust/Debug/robust.elf' is downloaded to processor 'microblaze_0'.
12:03:03 INFO  : ----------------XSDB Script----------------
connect -url tcp:127.0.0.1:3121
targets -set -nocase -filter {name =~ "microblaze*#0" && bscan=="USER2"  && jtag_cable_name =~ "Platform Cable USB 00000000000000"} -index 0
loadhw C:/Users/Berk/Desktop/FPGA/UMRAM/Ethernet/Ethernet.sdk/design_1_wrapper_hw_platform_0/system.hdf
targets -set -nocase -filter {name =~ "microblaze*#0" && bscan=="USER2"  && jtag_cable_name =~ "Platform Cable USB 00000000000000"} -index 0
rst -processor
targets -set -nocase -filter {name =~ "microblaze*#0" && bscan=="USER2"  && jtag_cable_name =~ "Platform Cable USB 00000000000000"} -index 0
dow C:/Users/Berk/Desktop/FPGA/UMRAM/Ethernet/Ethernet.sdk/robust/Debug/robust.elf
----------------End of Script----------------

12:03:03 INFO  : Memory regions updated for context MicroBlaze #0
12:03:03 INFO  : Memory regions updated for context MicroBlaze #0
12:03:03 INFO  : Context for processor 'microblaze_0' is selected.
12:03:03 INFO  : 'con' command is executed.
12:03:03 INFO  : ----------------XSDB Script (After Launch)----------------
targets -set -nocase -filter {name =~ "microblaze*#0" && bscan=="USER2"  && jtag_cable_name =~ "Platform Cable USB 00000000000000"} -index 0
con
----------------End of Script----------------

12:03:03 INFO  : Launch script is exported to file 'C:\Users\Berk\Desktop\FPGA\UMRAM\Ethernet\Ethernet.sdk\.sdk\launch_scripts\xilinx_c-c++_application_(system_debugger)\system_debugger_using_debug_robust.elf_on_local.tcl'
10:41:50 INFO  : Disconnected from the channel tcfchan#4.
