
*** Running vivado
    with args -log design_1_ilmb_bram_if_cntlr_1.vds -m64 -product Vivado -mode batch -messageDb vivado.pb -notrace -source design_1_ilmb_bram_if_cntlr_1.tcl


****** Vivado v2016.4 (64-bit)
  **** SW Build 1756540 on Mon Jan 23 19:11:23 MST 2017
  **** IP Build 1755317 on Mon Jan 23 20:30:07 MST 2017
    ** Copyright 1986-2016 Xilinx, Inc. All Rights Reserved.

source design_1_ilmb_bram_if_cntlr_1.tcl -notrace
Starting RTL Elaboration : Time (s): cpu = 00:00:13 ; elapsed = 00:01:16 . Memory (MB): peak = 341.676 ; gain = 131.250
INFO: [Synth 8-638] synthesizing module 'design_1_ilmb_bram_if_cntlr_1' [c:/Users/Berk/Desktop/FPGA/UMRAM/Ethernet/Ethernet.srcs/sources_1/bd/design_1/ip/design_1_ilmb_bram_if_cntlr_1/synth/design_1_ilmb_bram_if_cntlr_1.vhd:84]
INFO: [Synth 8-638] synthesizing module 'lmb_bram_if_cntlr' [c:/Users/Berk/Desktop/FPGA/UMRAM/Ethernet/Ethernet.srcs/sources_1/bd/design_1/ipshared/f4d9/hdl/lmb_bram_if_cntlr_v4_0_vh_rfs.vhd:3106]
INFO: [Synth 8-638] synthesizing module 'lmb_mux' [c:/Users/Berk/Desktop/FPGA/UMRAM/Ethernet/Ethernet.srcs/sources_1/bd/design_1/ipshared/f4d9/hdl/lmb_bram_if_cntlr_v4_0_vh_rfs.vhd:2601]
INFO: [Synth 8-638] synthesizing module 'pselect_mask' [c:/Users/Berk/Desktop/FPGA/UMRAM/Ethernet/Ethernet.srcs/sources_1/bd/design_1/ipshared/f4d9/hdl/lmb_bram_if_cntlr_v4_0_vh_rfs.vhd:2121]
INFO: [Synth 8-256] done synthesizing module 'pselect_mask' (1#1) [c:/Users/Berk/Desktop/FPGA/UMRAM/Ethernet/Ethernet.srcs/sources_1/bd/design_1/ipshared/f4d9/hdl/lmb_bram_if_cntlr_v4_0_vh_rfs.vhd:2121]
INFO: [Synth 8-256] done synthesizing module 'lmb_mux' (2#1) [c:/Users/Berk/Desktop/FPGA/UMRAM/Ethernet/Ethernet.srcs/sources_1/bd/design_1/ipshared/f4d9/hdl/lmb_bram_if_cntlr_v4_0_vh_rfs.vhd:2601]
INFO: [Synth 8-256] done synthesizing module 'lmb_bram_if_cntlr' (3#1) [c:/Users/Berk/Desktop/FPGA/UMRAM/Ethernet/Ethernet.srcs/sources_1/bd/design_1/ipshared/f4d9/hdl/lmb_bram_if_cntlr_v4_0_vh_rfs.vhd:3106]
INFO: [Synth 8-256] done synthesizing module 'design_1_ilmb_bram_if_cntlr_1' (4#1) [c:/Users/Berk/Desktop/FPGA/UMRAM/Ethernet/Ethernet.srcs/sources_1/bd/design_1/ip/design_1_ilmb_bram_if_cntlr_1/synth/design_1_ilmb_bram_if_cntlr_1.vhd:84]
Finished RTL Elaboration : Time (s): cpu = 00:00:15 ; elapsed = 00:01:20 . Memory (MB): peak = 381.070 ; gain = 170.645
Finished RTL Optimization Phase 1 : Time (s): cpu = 00:00:15 ; elapsed = 00:01:21 . Memory (MB): peak = 381.070 ; gain = 170.645
INFO: [Device 21-403] Loading part xc7vx485tffg1761-2
Constraint Validation Runtime : Time (s): cpu = 00:00:00 ; elapsed = 00:00:00.359 . Memory (MB): peak = 775.090 ; gain = 0.000
Finished Constraint Validation : Time (s): cpu = 00:00:49 ; elapsed = 00:02:17 . Memory (MB): peak = 775.090 ; gain = 564.664
Finished Loading Part and Timing Information : Time (s): cpu = 00:00:49 ; elapsed = 00:02:17 . Memory (MB): peak = 775.090 ; gain = 564.664
Finished applying 'set_property' XDC Constraints : Time (s): cpu = 00:00:49 ; elapsed = 00:02:17 . Memory (MB): peak = 775.090 ; gain = 564.664
Finished RTL Optimization Phase 2 : Time (s): cpu = 00:00:49 ; elapsed = 00:02:17 . Memory (MB): peak = 775.090 ; gain = 564.664
Finished Cross Boundary and Area Optimization : Time (s): cpu = 00:00:50 ; elapsed = 00:02:18 . Memory (MB): peak = 775.090 ; gain = 564.664
Finished Applying XDC Timing Constraints : Time (s): cpu = 00:01:06 ; elapsed = 00:02:36 . Memory (MB): peak = 775.090 ; gain = 564.664
Finished Timing Optimization : Time (s): cpu = 00:01:06 ; elapsed = 00:02:36 . Memory (MB): peak = 775.090 ; gain = 564.664
Finished Technology Mapping : Time (s): cpu = 00:01:06 ; elapsed = 00:02:36 . Memory (MB): peak = 783.633 ; gain = 573.207
Finished IO Insertion : Time (s): cpu = 00:01:06 ; elapsed = 00:02:37 . Memory (MB): peak = 783.633 ; gain = 573.207
Finished Renaming Generated Instances : Time (s): cpu = 00:01:06 ; elapsed = 00:02:37 . Memory (MB): peak = 783.633 ; gain = 573.207
Finished Rebuilding User Hierarchy : Time (s): cpu = 00:01:06 ; elapsed = 00:02:37 . Memory (MB): peak = 783.633 ; gain = 573.207
Finished Renaming Generated Ports : Time (s): cpu = 00:01:06 ; elapsed = 00:02:37 . Memory (MB): peak = 783.633 ; gain = 573.207
Finished Handling Custom Attributes : Time (s): cpu = 00:01:06 ; elapsed = 00:02:37 . Memory (MB): peak = 783.633 ; gain = 573.207
Finished Renaming Generated Nets : Time (s): cpu = 00:01:06 ; elapsed = 00:02:37 . Memory (MB): peak = 783.633 ; gain = 573.207

Report Cell Usage: 
+------+-----+------+
|      |Cell |Count |
+------+-----+------+
|1     |LUT2 |     3|
|2     |LUT3 |     4|
|3     |FDRE |     2|
+------+-----+------+
Finished Writing Synthesis Report : Time (s): cpu = 00:01:06 ; elapsed = 00:02:37 . Memory (MB): peak = 783.633 ; gain = 573.207
synth_design: Time (s): cpu = 00:01:02 ; elapsed = 00:02:26 . Memory (MB): peak = 813.055 ; gain = 550.195
