#-----------------------------------------------------------
# Webtalk v2018.2 (64-bit)
# SW Build 2258646 on Thu Jun 14 20:03:12 MDT 2018
# 
# Start of session at: Tue Jun 18 17:24:33 2019
# Process ID: 2524
# Current directory: C:/Users/Berk/Desktop/FPGA/UMRAM/Ethernet/Ethernet.sdk/webtalk
# Command line: wbtcv.exe -mode batch -source sdk_webtalk.tcl
# Log file: C:/Users/Berk/Desktop/FPGA/UMRAM/Ethernet/Ethernet.sdk/webtalk/webtalk.log
# Journal file: C:/Users/Berk/Desktop/FPGA/UMRAM/Ethernet/Ethernet.sdk/webtalk\webtalk.jou
#-----------------------------------------------------------
source sdk_webtalk.tcl
# webtalk_init -webtalk_dir C:\\Users\\Berk\\Desktop\\FPGA\\UMRAM\\Ethernet\\Ethernet.sdk\\webtalk
# webtalk_register_client -client project
# webtalk_add_data -client project -key date_generated -value "2019-06-18 17:24:32" -context "software_version_and_target_device"
# webtalk_add_data -client project -key product_version -value "SDK v2018.2" -context "software_version_and_target_device"
# webtalk_add_data -client project -key build_version -value "2018.2" -context "software_version_and_target_device"
# webtalk_add_data -client project -key os_platform -value "amd64" -context "software_version_and_target_device"
# webtalk_add_data -client project -key registration_id -value "177889390_1777515653_210625561_343" -context "software_version_and_target_device"
# webtalk_add_data -client project -key tool_flow -value "SDK" -context "software_version_and_target_device"
# webtalk_add_data -client project -key beta -value "false" -context "software_version_and_target_device"
# webtalk_add_data -client project -key route_design -value "NA" -context "software_version_and_target_device"
# webtalk_add_data -client project -key target_family -value "NA" -context "software_version_and_target_device"
# webtalk_add_data -client project -key target_device -value "NA" -context "software_version_and_target_device"
# webtalk_add_data -client project -key target_package -value "NA" -context "software_version_and_target_device"
# webtalk_add_data -client project -key target_speed -value "NA" -context "software_version_and_target_device"
# webtalk_add_data -client project -key random_id -value "obnco3j5dovukq937c183f13f4" -context "software_version_and_target_device"
# webtalk_add_data -client project -key project_id -value "2018.2_1" -context "software_version_and_target_device"
# webtalk_add_data -client project -key project_iteration -value "1" -context "software_version_and_target_device"
# webtalk_add_data -client project -key os_name -value "Microsoft Windows 8 or later , 64-bit" -context "user_environment"
# webtalk_add_data -client project -key os_release -value "major release  (build 9200)" -context "user_environment"
# webtalk_add_data -client project -key cpu_name -value "Intel(R) Core(TM) i7-7500U CPU @ 2.70GHz" -context "user_environment"
# webtalk_add_data -client project -key cpu_speed -value "2904 MHz" -context "user_environment"
# webtalk_add_data -client project -key total_processors -value "1" -context "user_environment"
# webtalk_add_data -client project -key system_ram -value "8.470 GB" -context "user_environment"
# webtalk_register_client -client sdk
# webtalk_add_data -client sdk -key uid -value "1560865838066" -context "sdk\\\\hardware/1560865838066"
# webtalk_add_data -client sdk -key isZynq -value "false" -context "sdk\\\\hardware/1560865838066"
# webtalk_add_data -client sdk -key isZynqMP -value "false" -context "sdk\\\\hardware/1560865838066"
# webtalk_add_data -client sdk -key Processors -value "1" -context "sdk\\\\hardware/1560865838066"
# webtalk_add_data -client sdk -key VivadoVersion -value "2016.4" -context "sdk\\\\hardware/1560865838066"
# webtalk_add_data -client sdk -key Arch -value "virtex7" -context "sdk\\\\hardware/1560865838066"
# webtalk_add_data -client sdk -key Device -value "7vx485t" -context "sdk\\\\hardware/1560865838066"
# webtalk_add_data -client sdk -key IsHandoff -value "true" -context "sdk\\\\hardware/1560865838066"
# webtalk_add_data -client sdk -key os -value "NA" -context "sdk\\\\hardware/1560865838066"
# webtalk_add_data -client sdk -key apptemplate -value "NA" -context "sdk\\\\hardware/1560865838066"
# webtalk_add_data -client sdk -key RecordType -value "HWCreation" -context "sdk\\\\hardware/1560865838066"
# webtalk_add_data -client sdk -key uid -value "1560865996856" -context "sdk\\\\bsp/1560865996856"
# webtalk_add_data -client sdk -key hwid -value "1560865838066" -context "sdk\\\\bsp/1560865996856"
# webtalk_add_data -client sdk -key os -value "standalone" -context "sdk\\\\bsp/1560865996856"
# webtalk_add_data -client sdk -key apptemplate -value "lwip_echo_server" -context "sdk\\\\bsp/1560865996856"
# webtalk_add_data -client sdk -key RecordType -value "BSPCreation" -context "sdk\\\\bsp/1560865996856"
# webtalk_add_data -client sdk -key uid -value "1560866006480" -context "sdk\\\\application/1560866006480"
# webtalk_add_data -client sdk -key hwid -value "1560865838066" -context "sdk\\\\application/1560866006480"
# webtalk_add_data -client sdk -key bspid -value "1560865996856" -context "sdk\\\\application/1560866006480"
# webtalk_add_data -client sdk -key newbsp -value "true" -context "sdk\\\\application/1560866006480"
# webtalk_add_data -client sdk -key os -value "standalone" -context "sdk\\\\application/1560866006480"
# webtalk_add_data -client sdk -key apptemplate -value "lwip_echo_server" -context "sdk\\\\application/1560866006480"
# webtalk_add_data -client sdk -key RecordType -value "APPCreation" -context "sdk\\\\application/1560866006480"
# webtalk_add_data -client sdk -key LangUsed -value "C" -context "sdk\\\\application/1560866006480"
# webtalk_add_data -client sdk -key Procused -value "microblaze" -context "sdk\\\\application/1560866006480"
# webtalk_add_data -client sdk -key projSize -value "284.8515625" -context "sdk\\\\application/1560866006480"
# webtalk_add_data -client sdk -key uid -value "NA" -context "sdk\\\\bsp/1560867871987"
# webtalk_add_data -client sdk -key RecordType -value "ToolUsage" -context "sdk\\\\bsp/1560867871987"
# webtalk_add_data -client sdk -key BootgenCount -value "0" -context "sdk\\\\bsp/1560867871987"
# webtalk_add_data -client sdk -key DebugCount -value "2" -context "sdk\\\\bsp/1560867871987"
# webtalk_add_data -client sdk -key PerfCount -value "0" -context "sdk\\\\bsp/1560867871987"
# webtalk_add_data -client sdk -key FlashCount -value "0" -context "sdk\\\\bsp/1560867871987"
# webtalk_add_data -client sdk -key CrossTriggCount -value "0" -context "sdk\\\\bsp/1560867871987"
# webtalk_add_data -client sdk -key QemuDebugCount -value "0" -context "sdk\\\\bsp/1560867871987"
# webtalk_transmit -clientid 2354369198 -regid "177889390_1777515653_210625561_343" -xml C:\\Users\\Berk\\Desktop\\FPGA\\UMRAM\\Ethernet\\Ethernet.sdk\\webtalk\\usage_statistics_ext_sdk.xml -html C:\\Users\\Berk\\Desktop\\FPGA\\UMRAM\\Ethernet\\Ethernet.sdk\\webtalk\\usage_statistics_ext_sdk.html -wdm C:\\Users\\Berk\\Desktop\\FPGA\\UMRAM\\Ethernet\\Ethernet.sdk\\webtalk\\sdk_webtalk.wdm -intro "<H3>SDK Usage Report</H3><BR>"
INFO: [Common 17-186] 'C:\Users\Berk\Desktop\FPGA\UMRAM\Ethernet\Ethernet.sdk\webtalk\usage_statistics_ext_sdk.xml' has been successfully sent to Xilinx on Tue Jun 18 17:24:39 2019. For additional details about this file, please refer to the WebTalk help file at C:/Xilinx/SDK/2018.2/doc/webtalk_introduction.html.
# webtalk_terminate
INFO: [Common 17-206] Exiting Webtalk at Tue Jun 18 17:24:39 2019...
