
*** Running vivado
    with args -log design_1_microblaze_0_0.vds -m64 -product Vivado -mode batch -messageDb vivado.pb -notrace -source design_1_microblaze_0_0.tcl


****** Vivado v2016.4 (64-bit)
  **** SW Build 1756540 on Mon Jan 23 19:11:23 MST 2017
  **** IP Build 1755317 on Mon Jan 23 20:30:07 MST 2017
    ** Copyright 1986-2016 Xilinx, Inc. All Rights Reserved.

source design_1_microblaze_0_0.tcl -notrace
Starting RTL Elaboration : Time (s): cpu = 00:00:15 ; elapsed = 00:01:02 . Memory (MB): peak = 348.066 ; gain = 137.457
INFO: [Synth 8-638] synthesizing module 'design_1_microblaze_0_0' [c:/Users/Berk/Desktop/FPGA/UMRAM/Ethernet/Ethernet.srcs/sources_1/bd/design_1/ip/design_1_microblaze_0_0/synth/design_1_microblaze_0_0.vhd:116]
INFO: [Synth 8-256] done synthesizing module 'design_1_microblaze_0_0' (52#1) [c:/Users/Berk/Desktop/FPGA/UMRAM/Ethernet/Ethernet.srcs/sources_1/bd/design_1/ip/design_1_microblaze_0_0/synth/design_1_microblaze_0_0.vhd:116]
Finished RTL Elaboration : Time (s): cpu = 00:00:24 ; elapsed = 00:01:12 . Memory (MB): peak = 522.297 ; gain = 311.688
Finished RTL Optimization Phase 1 : Time (s): cpu = 00:00:25 ; elapsed = 00:01:13 . Memory (MB): peak = 522.297 ; gain = 311.688
INFO: [Device 21-403] Loading part xc7vx485tffg1761-2
Constraint Validation Runtime : Time (s): cpu = 00:00:00 ; elapsed = 00:00:00.751 . Memory (MB): peak = 903.336 ; gain = 0.000
Finished Constraint Validation : Time (s): cpu = 00:01:00 ; elapsed = 00:02:02 . Memory (MB): peak = 903.336 ; gain = 692.727
Finished Loading Part and Timing Information : Time (s): cpu = 00:01:00 ; elapsed = 00:02:02 . Memory (MB): peak = 903.336 ; gain = 692.727
Finished applying 'set_property' XDC Constraints : Time (s): cpu = 00:01:00 ; elapsed = 00:02:02 . Memory (MB): peak = 903.336 ; gain = 692.727
Finished RTL Optimization Phase 2 : Time (s): cpu = 00:01:07 ; elapsed = 00:02:09 . Memory (MB): peak = 903.336 ; gain = 692.727
Finished Cross Boundary and Area Optimization : Time (s): cpu = 00:01:23 ; elapsed = 00:02:28 . Memory (MB): peak = 903.336 ; gain = 692.727
Finished Applying XDC Timing Constraints : Time (s): cpu = 00:01:40 ; elapsed = 00:02:52 . Memory (MB): peak = 903.336 ; gain = 692.727
Finished Timing Optimization : Time (s): cpu = 00:02:14 ; elapsed = 00:03:35 . Memory (MB): peak = 943.500 ; gain = 732.891
Finished Technology Mapping : Time (s): cpu = 00:02:18 ; elapsed = 00:03:39 . Memory (MB): peak = 943.500 ; gain = 732.891
Finished IO Insertion : Time (s): cpu = 00:02:19 ; elapsed = 00:03:41 . Memory (MB): peak = 943.500 ; gain = 732.891
Finished Renaming Generated Instances : Time (s): cpu = 00:02:19 ; elapsed = 00:03:41 . Memory (MB): peak = 943.500 ; gain = 732.891
Finished Rebuilding User Hierarchy : Time (s): cpu = 00:02:20 ; elapsed = 00:03:42 . Memory (MB): peak = 943.500 ; gain = 732.891
Finished Renaming Generated Ports : Time (s): cpu = 00:02:20 ; elapsed = 00:03:42 . Memory (MB): peak = 943.500 ; gain = 732.891
Finished Handling Custom Attributes : Time (s): cpu = 00:02:20 ; elapsed = 00:03:42 . Memory (MB): peak = 943.500 ; gain = 732.891
Finished Renaming Generated Nets : Time (s): cpu = 00:02:20 ; elapsed = 00:03:42 . Memory (MB): peak = 943.500 ; gain = 732.891

Report Cell Usage: 
+------+---------+------+
|      |Cell     |Count |
+------+---------+------+
|1     |AND2B1L  |     1|
|2     |LUT1     |    17|
|3     |LUT2     |    73|
|4     |LUT3     |   276|
|5     |LUT4     |    90|
|6     |LUT5     |   154|
|7     |LUT6     |   372|
|8     |LUT6_2   |    80|
|9     |MULT_AND |     1|
|10    |MUXCY_L  |   136|
|11    |MUXF7    |   116|
|12    |RAM32M   |    16|
|13    |SRL16E   |    89|
|14    |SRLC16E  |     8|
|15    |XORCY    |    94|
|16    |FDCE     |   143|
|17    |FDE      |    32|
|18    |FDR      |    87|
|19    |FDRE     |  1209|
|20    |FDS      |     1|
|21    |FDSE     |    36|
+------+---------+------+
Finished Writing Synthesis Report : Time (s): cpu = 00:02:20 ; elapsed = 00:03:42 . Memory (MB): peak = 943.500 ; gain = 732.891
get_clocks: Time (s): cpu = 00:00:11 ; elapsed = 00:00:14 . Memory (MB): peak = 1471.672 ; gain = 528.172
synth_design: Time (s): cpu = 00:02:29 ; elapsed = 00:03:52 . Memory (MB): peak = 1471.684 ; gain = 1207.492
