
*** Running vivado
    with args -log design_1_dlmb_v10_0.vds -m64 -product Vivado -mode batch -messageDb vivado.pb -notrace -source design_1_dlmb_v10_0.tcl


****** Vivado v2016.4 (64-bit)
  **** SW Build 1756540 on Mon Jan 23 19:11:23 MST 2017
  **** IP Build 1755317 on Mon Jan 23 20:30:07 MST 2017
    ** Copyright 1986-2016 Xilinx, Inc. All Rights Reserved.

source design_1_dlmb_v10_0.tcl -notrace
Starting RTL Elaboration : Time (s): cpu = 00:00:12 ; elapsed = 00:01:06 . Memory (MB): peak = 341.633 ; gain = 131.234
INFO: [Synth 8-638] synthesizing module 'design_1_dlmb_v10_0' [c:/Users/Berk/Desktop/FPGA/UMRAM/Ethernet/Ethernet.srcs/sources_1/bd/design_1/ip/design_1_dlmb_v10_0/synth/design_1_dlmb_v10_0.vhd:89]
INFO: [Synth 8-638] synthesizing module 'lmb_v10' [c:/Users/Berk/Desktop/FPGA/UMRAM/Ethernet/Ethernet.srcs/sources_1/bd/design_1/ipshared/162e/hdl/lmb_v10_v3_0_vh_rfs.vhd:140]
INFO: [Synth 8-638] synthesizing module 'FDS' [C:/Xilinx/Vivado/2016.4/scripts/rt/data/unisim_comp.v:4087]
INFO: [Synth 8-256] done synthesizing module 'FDS' (1#1) [C:/Xilinx/Vivado/2016.4/scripts/rt/data/unisim_comp.v:4087]
INFO: [Synth 8-256] done synthesizing module 'lmb_v10' (2#1) [c:/Users/Berk/Desktop/FPGA/UMRAM/Ethernet/Ethernet.srcs/sources_1/bd/design_1/ipshared/162e/hdl/lmb_v10_v3_0_vh_rfs.vhd:140]
INFO: [Synth 8-256] done synthesizing module 'design_1_dlmb_v10_0' (3#1) [c:/Users/Berk/Desktop/FPGA/UMRAM/Ethernet/Ethernet.srcs/sources_1/bd/design_1/ip/design_1_dlmb_v10_0/synth/design_1_dlmb_v10_0.vhd:89]
Finished RTL Elaboration : Time (s): cpu = 00:00:14 ; elapsed = 00:01:07 . Memory (MB): peak = 379.043 ; gain = 168.645
Finished RTL Optimization Phase 1 : Time (s): cpu = 00:00:14 ; elapsed = 00:01:08 . Memory (MB): peak = 379.043 ; gain = 168.645
INFO: [Device 21-403] Loading part xc7vx485tffg1761-2
Constraint Validation Runtime : Time (s): cpu = 00:00:00 ; elapsed = 00:00:00.107 . Memory (MB): peak = 732.844 ; gain = 0.000
Finished Constraint Validation : Time (s): cpu = 00:00:43 ; elapsed = 00:01:52 . Memory (MB): peak = 732.844 ; gain = 522.445
Finished Loading Part and Timing Information : Time (s): cpu = 00:00:43 ; elapsed = 00:01:52 . Memory (MB): peak = 732.844 ; gain = 522.445
Finished applying 'set_property' XDC Constraints : Time (s): cpu = 00:00:43 ; elapsed = 00:01:52 . Memory (MB): peak = 732.844 ; gain = 522.445
Finished RTL Optimization Phase 2 : Time (s): cpu = 00:00:43 ; elapsed = 00:01:52 . Memory (MB): peak = 732.844 ; gain = 522.445
Finished Cross Boundary and Area Optimization : Time (s): cpu = 00:00:43 ; elapsed = 00:01:52 . Memory (MB): peak = 732.844 ; gain = 522.445
Finished Applying XDC Timing Constraints : Time (s): cpu = 00:00:58 ; elapsed = 00:02:09 . Memory (MB): peak = 742.461 ; gain = 532.063
Finished Timing Optimization : Time (s): cpu = 00:00:58 ; elapsed = 00:02:09 . Memory (MB): peak = 742.461 ; gain = 532.063
Finished Technology Mapping : Time (s): cpu = 00:00:58 ; elapsed = 00:02:09 . Memory (MB): peak = 752.176 ; gain = 541.777
Finished IO Insertion : Time (s): cpu = 00:00:59 ; elapsed = 00:02:10 . Memory (MB): peak = 752.176 ; gain = 541.777
Finished Renaming Generated Instances : Time (s): cpu = 00:00:59 ; elapsed = 00:02:10 . Memory (MB): peak = 752.176 ; gain = 541.777
Finished Rebuilding User Hierarchy : Time (s): cpu = 00:00:59 ; elapsed = 00:02:10 . Memory (MB): peak = 752.176 ; gain = 541.777
Finished Renaming Generated Ports : Time (s): cpu = 00:00:59 ; elapsed = 00:02:10 . Memory (MB): peak = 752.176 ; gain = 541.777
Finished Handling Custom Attributes : Time (s): cpu = 00:00:59 ; elapsed = 00:02:10 . Memory (MB): peak = 752.176 ; gain = 541.777
Finished Renaming Generated Nets : Time (s): cpu = 00:00:59 ; elapsed = 00:02:10 . Memory (MB): peak = 752.176 ; gain = 541.777

Report Cell Usage: 
+------+-----+------+
|      |Cell |Count |
+------+-----+------+
|1     |FDS  |     1|
+------+-----+------+
Finished Writing Synthesis Report : Time (s): cpu = 00:00:59 ; elapsed = 00:02:10 . Memory (MB): peak = 752.176 ; gain = 541.777
synth_design: Time (s): cpu = 00:00:55 ; elapsed = 00:01:56 . Memory (MB): peak = 790.699 ; gain = 527.781
